[0.048s] Invoking command in '/home/ljw/ROS2-smart-car/rdk_x5_ros2/build/rplidar_ros': CMAKE_PREFIX_PATH=/opt/tros/humble:/opt/ros/humble /usr/bin/cmake --build /home/ljw/ROS2-smart-car/rdk_x5_ros2/build/rplidar_ros -- -j8 -l8
[0.245s] [35m[1mConsolidate compiler generated dependencies of target rplidar_client[0m
[0.263s] [35m[1mConsolidate compiler generated dependencies of target rplidar_node[0m
[0.264s] [35m[1mConsolidate compiler generated dependencies of target rplidar_composition[0m
[0.335s] [  5%] Built target rplidar_client
[0.449s] [100%] Built target rplidar_node
[0.449s] [100%] Built target rplidar_composition
[0.501s] Invoked command in '/home/ljw/ROS2-smart-car/rdk_x5_ros2/build/rplidar_ros' returned '0': CMAKE_PREFIX_PATH=/opt/tros/humble:/opt/ros/humble /usr/bin/cmake --build /home/ljw/ROS2-smart-car/rdk_x5_ros2/build/rplidar_ros -- -j8 -l8
[0.545s] Invoking command in '/home/ljw/ROS2-smart-car/rdk_x5_ros2/build/rplidar_ros': CMAKE_PREFIX_PATH=/opt/tros/humble:/opt/ros/humble /usr/bin/cmake --install /home/ljw/ROS2-smart-car/rdk_x5_ros2/build/rplidar_ros
[0.579s] -- Install configuration: ""
[0.580s] -- Up-to-date: /home/ljw/ROS2-smart-car/rdk_x5_ros2/install/rplidar_ros/share/rplidar_ros/launch
[0.581s] -- Up-to-date: /home/ljw/ROS2-smart-car/rdk_x5_ros2/install/rplidar_ros/share/rplidar_ros/launch/view_rplidar_s1_launch.py
[0.582s] -- Up-to-date: /home/ljw/ROS2-smart-car/rdk_x5_ros2/install/rplidar_ros/share/rplidar_ros/launch/rplidar_c1_launch.py
[0.582s] -- Up-to-date: /home/ljw/ROS2-smart-car/rdk_x5_ros2/install/rplidar_ros/share/rplidar_ros/launch/view_rplidar_a2m8_launch.py
[0.583s] -- Up-to-date: /home/ljw/ROS2-smart-car/rdk_x5_ros2/install/rplidar_ros/share/rplidar_ros/launch/rplidar_a3_launch.py
[0.583s] -- Up-to-date: /home/ljw/ROS2-smart-car/rdk_x5_ros2/install/rplidar_ros/share/rplidar_ros/launch/rplidar_a2m8_launch.py
[0.584s] -- Up-to-date: /home/ljw/ROS2-smart-car/rdk_x5_ros2/install/rplidar_ros/share/rplidar_ros/launch/view_rplidar_s2e_launch.py
[0.584s] -- Up-to-date: /home/ljw/ROS2-smart-car/rdk_x5_ros2/install/rplidar_ros/share/rplidar_ros/launch/view_rplidar_a2m7_launch.py
[0.585s] -- Up-to-date: /home/ljw/ROS2-smart-car/rdk_x5_ros2/install/rplidar_ros/share/rplidar_ros/launch/rplidar_t1_launch.py
[0.585s] -- Up-to-date: /home/ljw/ROS2-smart-car/rdk_x5_ros2/install/rplidar_ros/share/rplidar_ros/launch/view_rplidar_c1_launch.py
[0.586s] -- Up-to-date: /home/ljw/ROS2-smart-car/rdk_x5_ros2/install/rplidar_ros/share/rplidar_ros/launch/rplidar_s1_launch.py
[0.587s] -- Up-to-date: /home/ljw/ROS2-smart-car/rdk_x5_ros2/install/rplidar_ros/share/rplidar_ros/launch/rplidar_a2m7_launch.py
[0.587s] -- Up-to-date: /home/ljw/ROS2-smart-car/rdk_x5_ros2/install/rplidar_ros/share/rplidar_ros/launch/view_rplidar_s3_launch.py
[0.588s] -- Up-to-date: /home/ljw/ROS2-smart-car/rdk_x5_ros2/install/rplidar_ros/share/rplidar_ros/launch/rplidar_a1_launch.py
[0.588s] -- Up-to-date: /home/ljw/ROS2-smart-car/rdk_x5_ros2/install/rplidar_ros/share/rplidar_ros/launch/view_rplidar_a2m12_launch.py
[0.589s] -- Up-to-date: /home/ljw/ROS2-smart-car/rdk_x5_ros2/install/rplidar_ros/share/rplidar_ros/launch/rplidar_a2m12_launch.py
[0.589s] -- Up-to-date: /home/ljw/ROS2-smart-car/rdk_x5_ros2/install/rplidar_ros/share/rplidar_ros/launch/rplidar_s2e_launch.py
[0.590s] -- Up-to-date: /home/ljw/ROS2-smart-car/rdk_x5_ros2/install/rplidar_ros/share/rplidar_ros/launch/view_rplidar_a1_launch.py
[0.590s] -- Up-to-date: /home/ljw/ROS2-smart-car/rdk_x5_ros2/install/rplidar_ros/share/rplidar_ros/launch/rplidar_s3_launch.py
[0.591s] -- Up-to-date: /home/ljw/ROS2-smart-car/rdk_x5_ros2/install/rplidar_ros/share/rplidar_ros/launch/view_rplidar_s1_tcp_launch.py
[0.591s] -- Up-to-date: /home/ljw/ROS2-smart-car/rdk_x5_ros2/install/rplidar_ros/share/rplidar_ros/launch/rplidar_s2_launch.py
[0.592s] -- Up-to-date: /home/ljw/ROS2-smart-car/rdk_x5_ros2/install/rplidar_ros/share/rplidar_ros/launch/view_rplidar_t1_launch.py
[0.592s] -- Up-to-date: /home/ljw/ROS2-smart-car/rdk_x5_ros2/install/rplidar_ros/share/rplidar_ros/launch/view_rplidar_s2_launch.py
[0.593s] -- Up-to-date: /home/ljw/ROS2-smart-car/rdk_x5_ros2/install/rplidar_ros/share/rplidar_ros/launch/rplidar_s1_tcp_launch.py
[0.593s] -- Up-to-date: /home/ljw/ROS2-smart-car/rdk_x5_ros2/install/rplidar_ros/share/rplidar_ros/launch/view_rplidar_a3_launch.py
[0.593s] -- Up-to-date: /home/ljw/ROS2-smart-car/rdk_x5_ros2/install/rplidar_ros/share/rplidar_ros/rviz
[0.594s] -- Up-to-date: /home/ljw/ROS2-smart-car/rdk_x5_ros2/install/rplidar_ros/share/rplidar_ros/rviz/rplidar_ros.rviz
[0.594s] -- Up-to-date: /home/ljw/ROS2-smart-car/rdk_x5_ros2/install/rplidar_ros/lib/rplidar_ros/rplidar_node
[0.595s] -- Up-to-date: /home/ljw/ROS2-smart-car/rdk_x5_ros2/install/rplidar_ros/lib/rplidar_ros/rplidar_composition
[0.596s] -- Up-to-date: /home/ljw/ROS2-smart-car/rdk_x5_ros2/install/rplidar_ros/lib/rplidar_ros/rplidar_client
[0.599s] -- Up-to-date: /home/ljw/ROS2-smart-car/rdk_x5_ros2/install/rplidar_ros/share/ament_index/resource_index/package_run_dependencies/rplidar_ros
[0.600s] -- Up-to-date: /home/ljw/ROS2-smart-car/rdk_x5_ros2/install/rplidar_ros/share/ament_index/resource_index/parent_prefix_path/rplidar_ros
[0.601s] -- Up-to-date: /home/ljw/ROS2-smart-car/rdk_x5_ros2/install/rplidar_ros/share/rplidar_ros/environment/ament_prefix_path.sh
[0.602s] -- Up-to-date: /home/ljw/ROS2-smart-car/rdk_x5_ros2/install/rplidar_ros/share/rplidar_ros/environment/ament_prefix_path.dsv
[0.603s] -- Up-to-date: /home/ljw/ROS2-smart-car/rdk_x5_ros2/install/rplidar_ros/share/rplidar_ros/environment/path.sh
[0.604s] -- Up-to-date: /home/ljw/ROS2-smart-car/rdk_x5_ros2/install/rplidar_ros/share/rplidar_ros/environment/path.dsv
[0.605s] -- Up-to-date: /home/ljw/ROS2-smart-car/rdk_x5_ros2/install/rplidar_ros/share/rplidar_ros/local_setup.bash
[0.605s] -- Up-to-date: /home/ljw/ROS2-smart-car/rdk_x5_ros2/install/rplidar_ros/share/rplidar_ros/local_setup.sh
[0.607s] -- Up-to-date: /home/ljw/ROS2-smart-car/rdk_x5_ros2/install/rplidar_ros/share/rplidar_ros/local_setup.zsh
[0.608s] -- Up-to-date: /home/ljw/ROS2-smart-car/rdk_x5_ros2/install/rplidar_ros/share/rplidar_ros/local_setup.dsv
[0.608s] -- Installing: /home/ljw/ROS2-smart-car/rdk_x5_ros2/install/rplidar_ros/share/rplidar_ros/package.dsv
[0.609s] -- Up-to-date: /home/ljw/ROS2-smart-car/rdk_x5_ros2/install/rplidar_ros/share/ament_index/resource_index/packages/rplidar_ros
[0.610s] -- Up-to-date: /home/ljw/ROS2-smart-car/rdk_x5_ros2/install/rplidar_ros/share/rplidar_ros/cmake/ament_cmake_export_dependencies-extras.cmake
[0.611s] -- Up-to-date: /home/ljw/ROS2-smart-car/rdk_x5_ros2/install/rplidar_ros/share/rplidar_ros/cmake/ament_cmake_export_include_directories-extras.cmake
[0.612s] -- Up-to-date: /home/ljw/ROS2-smart-car/rdk_x5_ros2/install/rplidar_ros/share/rplidar_ros/cmake/rplidar_rosConfig.cmake
[0.613s] -- Up-to-date: /home/ljw/ROS2-smart-car/rdk_x5_ros2/install/rplidar_ros/share/rplidar_ros/cmake/rplidar_rosConfig-version.cmake
[0.614s] -- Up-to-date: /home/ljw/ROS2-smart-car/rdk_x5_ros2/install/rplidar_ros/share/rplidar_ros/package.xml
[0.616s] Invoked command in '/home/ljw/ROS2-smart-car/rdk_x5_ros2/build/rplidar_ros' returned '0': CMAKE_PREFIX_PATH=/opt/tros/humble:/opt/ros/humble /usr/bin/cmake --install /home/ljw/ROS2-smart-car/rdk_x5_ros2/build/rplidar_ros
