-- The C compiler identification is GNU 11.2.0
-- The CXX compiler identification is GNU 11.2.0
-- Detecting C compiler ABI info
-- Detecting C compiler ABI info - done
-- Check for working C compiler: /usr/bin/cc - skipped
-- Detecting C compile features
-- Detecting C compile features - done
-- Detecting CXX compiler ABI info
-- Detecting CXX compiler ABI info - done
-- Check for working CXX compiler: /usr/bin/c++ - skipped
-- Detecting CXX compile features
-- Detecting CXX compile features - done
-- Found ament_cmake: 1.3.12 (/opt/ros/humble/share/ament_cmake/cmake)
-- Found Python3: /usr/bin/python3 (found version "3.10.12") found components: Interpreter 
-- Found rclcpp: 16.0.14 (/opt/ros/humble/share/rclcpp/cmake)
-- Found rosidl_generator_c: 3.1.7 (/opt/ros/humble/share/rosidl_generator_c/cmake)
-- Found rosidl_adapter: 3.1.7 (/opt/ros/humble/share/rosidl_adapter/cmake)
-- Found rosidl_generator_cpp: 3.1.7 (/opt/ros/humble/share/rosidl_generator_cpp/cmake)
-- Using all available rosidl_typesupport_c: rosidl_typesupport_fastrtps_c;rosidl_typesupport_introspection_c
-- Using all available rosidl_typesupport_cpp: rosidl_typesupport_fastrtps_cpp;rosidl_typesupport_introspection_cpp
-- Found rmw_implementation_cmake: 6.1.2 (/opt/ros/humble/share/rmw_implementation_cmake/cmake)
-- Found rmw_fastrtps_cpp: 6.2.8 (/opt/ros/humble/share/rmw_fastrtps_cpp/cmake)
-- Found OpenSSL: /usr/lib/aarch64-linux-gnu/libcrypto.so (found version "3.0.2")  
-- Found FastRTPS: /opt/ros/humble/include  
-- Using RMW implementation 'rmw_fastrtps_cpp' as default
-- Looking for pthread.h
-- Looking for pthread.h - found
-- Performing Test CMAKE_HAVE_LIBC_PTHREAD
-- Performing Test CMAKE_HAVE_LIBC_PTHREAD - Success
-- Found Threads: TRUE  
-- Found sensor_msgs: 4.9.0 (/opt/ros/humble/share/sensor_msgs/cmake)
-- Found nav_msgs: 4.9.0 (/opt/ros/humble/share/nav_msgs/cmake)
-- Found tf2: 0.25.15 (/opt/ros/humble/share/tf2/cmake)
-- Found tf2_ros: 0.25.15 (/opt/ros/humble/share/tf2_ros/cmake)
-- Found tf2_geometry_msgs: 0.25.15 (/opt/ros/humble/share/tf2_geometry_msgs/cmake)
-- Found eigen3_cmake_module: 0.1.1 (/opt/ros/humble/share/eigen3_cmake_module/cmake)
-- Found Eigen3: TRUE (found version "3.4.0") 
-- Ensuring Eigen3 include directory is part of orocos-kdl CMake target
-- Found ament_lint_auto: 0.12.14 (/opt/ros/humble/share/ament_lint_auto/cmake)
-- Added test 'cppcheck' to perform static code analysis on C / C++ code
-- Configured cppcheck include dirs: 
-- Configured cppcheck exclude dirs and/or files: 
-- Added test 'flake8' to check Python code syntax and style conventions
-- Added test 'lint_cmake' to check CMake code style
-- Added test 'pep257' to check Python code against some of the docstring style conventions in PEP 257
-- Added test 'uncrustify' to check C / C++ code style
-- Configured uncrustify additional arguments: 
-- Added test 'xmllint' to check XML markup files
-- Configuring done
-- Generating done
-- Build files have been written to: /home/ljw/ROS2-smart-car/rdk_x5_ros2/build/ylhb_base
[ 50%] [32mBuilding CXX object CMakeFiles/base_controller.dir/src/base_controller.cpp.o[0m
[ 50%] [32mBuilding CXX object CMakeFiles/imu_driver.dir/src/imu_driver.cpp.o[0m
[ 75%] [32m[1mLinking CXX executable imu_driver[0m
[ 75%] Built target imu_driver
[100%] [32m[1mLinking CXX executable base_controller[0m
[100%] Built target base_controller
-- Install configuration: ""
-- Installing: /home/ljw/ROS2-smart-car/rdk_x5_ros2/install/ylhb_base/lib/ylhb_base/base_controller
-- Set runtime path of "/home/ljw/ROS2-smart-car/rdk_x5_ros2/install/ylhb_base/lib/ylhb_base/base_controller" to ""
-- Installing: /home/ljw/ROS2-smart-car/rdk_x5_ros2/install/ylhb_base/lib/ylhb_base/imu_driver
-- Set runtime path of "/home/ljw/ROS2-smart-car/rdk_x5_ros2/install/ylhb_base/lib/ylhb_base/imu_driver" to ""
-- Installing: /home/ljw/ROS2-smart-car/rdk_x5_ros2/install/ylhb_base/lib/ylhb_base/vision_node.py
-- Installing: /home/ljw/ROS2-smart-car/rdk_x5_ros2/install/ylhb_base/lib/ylhb_base/auto_align.py
-- Installing: /home/ljw/ROS2-smart-car/rdk_x5_ros2/install/ylhb_base/share/ylhb_base/launch
-- Installing: /home/ljw/ROS2-smart-car/rdk_x5_ros2/install/ylhb_base/share/ylhb_base/launch/mapping.launch.py
-- Installing: /home/ljw/ROS2-smart-car/rdk_x5_ros2/install/ylhb_base/share/ylhb_base/launch/navigation.launch.py
-- Installing: /home/ljw/ROS2-smart-car/rdk_x5_ros2/install/ylhb_base/share/ylhb_base/launch/bringup.launch.py
-- Installing: /home/ljw/ROS2-smart-car/rdk_x5_ros2/install/ylhb_base/share/ylhb_base/config
-- Installing: /home/ljw/ROS2-smart-car/rdk_x5_ros2/install/ylhb_base/share/ylhb_base/config/ekf.yaml
-- Installing: /home/ljw/ROS2-smart-car/rdk_x5_ros2/install/ylhb_base/share/ylhb_base/config/slam_toolbox_params.yaml
-- Installing: /home/ljw/ROS2-smart-car/rdk_x5_ros2/install/ylhb_base/share/ylhb_base/config/nav2_params.yaml
-- Installing: /home/ljw/ROS2-smart-car/rdk_x5_ros2/install/ylhb_base/share/ylhb_base/urdf
-- Installing: /home/ljw/ROS2-smart-car/rdk_x5_ros2/install/ylhb_base/share/ylhb_base/urdf/ylhb.urdf.xacro
-- Installing: /home/ljw/ROS2-smart-car/rdk_x5_ros2/install/ylhb_base/share/ament_index/resource_index/package_run_dependencies/ylhb_base
-- Installing: /home/ljw/ROS2-smart-car/rdk_x5_ros2/install/ylhb_base/share/ament_index/resource_index/parent_prefix_path/ylhb_base
-- Installing: /home/ljw/ROS2-smart-car/rdk_x5_ros2/install/ylhb_base/share/ylhb_base/environment/ament_prefix_path.sh
-- Installing: /home/ljw/ROS2-smart-car/rdk_x5_ros2/install/ylhb_base/share/ylhb_base/environment/ament_prefix_path.dsv
-- Installing: /home/ljw/ROS2-smart-car/rdk_x5_ros2/install/ylhb_base/share/ylhb_base/environment/path.sh
-- Installing: /home/ljw/ROS2-smart-car/rdk_x5_ros2/install/ylhb_base/share/ylhb_base/environment/path.dsv
-- Installing: /home/ljw/ROS2-smart-car/rdk_x5_ros2/install/ylhb_base/share/ylhb_base/local_setup.bash
-- Installing: /home/ljw/ROS2-smart-car/rdk_x5_ros2/install/ylhb_base/share/ylhb_base/local_setup.sh
-- Installing: /home/ljw/ROS2-smart-car/rdk_x5_ros2/install/ylhb_base/share/ylhb_base/local_setup.zsh
-- Installing: /home/ljw/ROS2-smart-car/rdk_x5_ros2/install/ylhb_base/share/ylhb_base/local_setup.dsv
-- Installing: /home/ljw/ROS2-smart-car/rdk_x5_ros2/install/ylhb_base/share/ylhb_base/package.dsv
-- Installing: /home/ljw/ROS2-smart-car/rdk_x5_ros2/install/ylhb_base/share/ament_index/resource_index/packages/ylhb_base
-- Installing: /home/ljw/ROS2-smart-car/rdk_x5_ros2/install/ylhb_base/share/ylhb_base/cmake/ylhb_baseConfig.cmake
-- Installing: /home/ljw/ROS2-smart-car/rdk_x5_ros2/install/ylhb_base/share/ylhb_base/cmake/ylhb_baseConfig-version.cmake
-- Installing: /home/ljw/ROS2-smart-car/rdk_x5_ros2/install/ylhb_base/share/ylhb_base/package.xml
