[0.034s] Invoking command in '/home/ljw/ROS2-smart-car/rdk_x5_ros2/build/ylhb_base': AMENT_PREFIX_PATH=/home/ljw/ROS2-smart-car/rdk_x5_ros2/install/rplidar_ros:${AMENT_PREFIX_PATH} CMAKE_PREFIX_PATH=/home/ljw/ROS2-smart-car/rdk_x5_ros2/install/rplidar_ros:/opt/tros/humble:/opt/ros/humble /usr/bin/cmake --build /home/ljw/ROS2-smart-car/rdk_x5_ros2/build/ylhb_base -- -j8 -l8
[0.278s] [ 50%] Built target imu_driver
[0.283s] [100%] Built target base_controller
[0.332s] Invoked command in '/home/ljw/ROS2-smart-car/rdk_x5_ros2/build/ylhb_base' returned '0': AMENT_PREFIX_PATH=/home/ljw/ROS2-smart-car/rdk_x5_ros2/install/rplidar_ros:${AMENT_PREFIX_PATH} CMAKE_PREFIX_PATH=/home/ljw/ROS2-smart-car/rdk_x5_ros2/install/rplidar_ros:/opt/tros/humble:/opt/ros/humble /usr/bin/cmake --build /home/ljw/ROS2-smart-car/rdk_x5_ros2/build/ylhb_base -- -j8 -l8
[0.339s] Invoking command in '/home/ljw/ROS2-smart-car/rdk_x5_ros2/build/ylhb_base': AMENT_PREFIX_PATH=/home/ljw/ROS2-smart-car/rdk_x5_ros2/install/rplidar_ros:${AMENT_PREFIX_PATH} CMAKE_PREFIX_PATH=/home/ljw/ROS2-smart-car/rdk_x5_ros2/install/rplidar_ros:/opt/tros/humble:/opt/ros/humble /usr/bin/cmake --install /home/ljw/ROS2-smart-car/rdk_x5_ros2/build/ylhb_base
[0.372s] -- Install configuration: ""
[0.373s] -- Up-to-date: /home/ljw/ROS2-smart-car/rdk_x5_ros2/install/ylhb_base/lib/ylhb_base/base_controller
[0.374s] -- Up-to-date: /home/ljw/ROS2-smart-car/rdk_x5_ros2/install/ylhb_base/lib/ylhb_base/imu_driver
[0.375s] -- Up-to-date: /home/ljw/ROS2-smart-car/rdk_x5_ros2/install/ylhb_base/lib/ylhb_base/vision_node.py
[0.375s] -- Up-to-date: /home/ljw/ROS2-smart-car/rdk_x5_ros2/install/ylhb_base/lib/ylhb_base/auto_align.py
[0.376s] -- Up-to-date: /home/ljw/ROS2-smart-car/rdk_x5_ros2/install/ylhb_base/share/ylhb_base/launch
[0.377s] -- Up-to-date: /home/ljw/ROS2-smart-car/rdk_x5_ros2/install/ylhb_base/share/ylhb_base/launch/mapping.launch.py
[0.378s] -- Up-to-date: /home/ljw/ROS2-smart-car/rdk_x5_ros2/install/ylhb_base/share/ylhb_base/launch/navigation.launch.py
[0.378s] -- Up-to-date: /home/ljw/ROS2-smart-car/rdk_x5_ros2/install/ylhb_base/share/ylhb_base/launch/bringup.launch.py
[0.379s] -- Up-to-date: /home/ljw/ROS2-smart-car/rdk_x5_ros2/install/ylhb_base/share/ylhb_base/config
[0.379s] -- Up-to-date: /home/ljw/ROS2-smart-car/rdk_x5_ros2/install/ylhb_base/share/ylhb_base/config/ekf.yaml
[0.380s] -- Up-to-date: /home/ljw/ROS2-smart-car/rdk_x5_ros2/install/ylhb_base/share/ylhb_base/config/slam_toolbox_params.yaml
[0.380s] -- Up-to-date: /home/ljw/ROS2-smart-car/rdk_x5_ros2/install/ylhb_base/share/ylhb_base/config/nav2_params.yaml
[0.381s] -- Up-to-date: /home/ljw/ROS2-smart-car/rdk_x5_ros2/install/ylhb_base/share/ylhb_base/urdf
[0.381s] -- Up-to-date: /home/ljw/ROS2-smart-car/rdk_x5_ros2/install/ylhb_base/share/ylhb_base/urdf/ylhb.urdf.xacro
[0.382s] -- Up-to-date: /home/ljw/ROS2-smart-car/rdk_x5_ros2/install/ylhb_base/share/ament_index/resource_index/package_run_dependencies/ylhb_base
[0.382s] -- Up-to-date: /home/ljw/ROS2-smart-car/rdk_x5_ros2/install/ylhb_base/share/ament_index/resource_index/parent_prefix_path/ylhb_base
[0.383s] -- Up-to-date: /home/ljw/ROS2-smart-car/rdk_x5_ros2/install/ylhb_base/share/ylhb_base/environment/ament_prefix_path.sh
[0.383s] -- Up-to-date: /home/ljw/ROS2-smart-car/rdk_x5_ros2/install/ylhb_base/share/ylhb_base/environment/ament_prefix_path.dsv
[0.383s] -- Up-to-date: /home/ljw/ROS2-smart-car/rdk_x5_ros2/install/ylhb_base/share/ylhb_base/environment/path.sh
[0.384s] -- Up-to-date: /home/ljw/ROS2-smart-car/rdk_x5_ros2/install/ylhb_base/share/ylhb_base/environment/path.dsv
[0.384s] -- Up-to-date: /home/ljw/ROS2-smart-car/rdk_x5_ros2/install/ylhb_base/share/ylhb_base/local_setup.bash
[0.385s] -- Up-to-date: /home/ljw/ROS2-smart-car/rdk_x5_ros2/install/ylhb_base/share/ylhb_base/local_setup.sh
[0.386s] -- Up-to-date: /home/ljw/ROS2-smart-car/rdk_x5_ros2/install/ylhb_base/share/ylhb_base/local_setup.zsh
[0.388s] -- Up-to-date: /home/ljw/ROS2-smart-car/rdk_x5_ros2/install/ylhb_base/share/ylhb_base/local_setup.dsv
[0.391s] -- Installing: /home/ljw/ROS2-smart-car/rdk_x5_ros2/install/ylhb_base/share/ylhb_base/package.dsv
[0.392s] -- Up-to-date: /home/ljw/ROS2-smart-car/rdk_x5_ros2/install/ylhb_base/share/ament_index/resource_index/packages/ylhb_base
[0.393s] -- Up-to-date: /home/ljw/ROS2-smart-car/rdk_x5_ros2/install/ylhb_base/share/ylhb_base/cmake/ylhb_baseConfig.cmake
[0.393s] -- Up-to-date: /home/ljw/ROS2-smart-car/rdk_x5_ros2/install/ylhb_base/share/ylhb_base/cmake/ylhb_baseConfig-version.cmake
[0.394s] -- Up-to-date: /home/ljw/ROS2-smart-car/rdk_x5_ros2/install/ylhb_base/share/ylhb_base/package.xml
[0.395s] Invoked command in '/home/ljw/ROS2-smart-car/rdk_x5_ros2/build/ylhb_base' returned '0': AMENT_PREFIX_PATH=/home/ljw/ROS2-smart-car/rdk_x5_ros2/install/rplidar_ros:${AMENT_PREFIX_PATH} CMAKE_PREFIX_PATH=/home/ljw/ROS2-smart-car/rdk_x5_ros2/install/rplidar_ros:/opt/tros/humble:/opt/ros/humble /usr/bin/cmake --install /home/ljw/ROS2-smart-car/rdk_x5_ros2/build/ylhb_base
