[0.649s] DEBUG:colcon:Command line arguments: ['/usr/bin/colcon', 'build']
[0.650s] DEBUG:colcon:Parsed command line arguments: Namespace(log_base=None, log_level=None, verb_name='build', build_base='build', install_base='install', merge_install=False, symlink_install=False, test_result_base=None, continue_on_error=False, executor='parallel', parallel_workers=8, event_handlers=None, ignore_user_meta=False, metas=['./colcon.meta'], base_paths=['.'], packages_ignore=None, packages_ignore_regex=None, paths=None, packages_up_to=None, packages_up_to_regex=None, packages_above=None, packages_above_and_dependencies=None, packages_above_depth=None, packages_select_by_dep=None, packages_skip_by_dep=None, packages_skip_up_to=None, packages_select_build_failed=False, packages_skip_build_finished=False, packages_select_test_failures=False, packages_skip_test_passed=False, packages_select=None, packages_skip=None, packages_select_regex=None, packages_skip_regex=None, packages_start=None, packages_end=None, allow_overriding=[], cmake_args=None, cmake_target=None, cmake_target_skip_unavailable=False, cmake_clean_cache=False, cmake_clean_first=False, cmake_force_configure=False, ament_cmake_args=None, catkin_cmake_args=None, catkin_skip_building_tests=False, verb_parser=<colcon_defaults.argument_parser.defaults.DefaultArgumentsDecorator object at 0xffff81c0b3a0>, verb_extension=<colcon_core.verb.build.BuildVerb object at 0xffff81c0ae90>, main=<bound method BuildVerb.main of <colcon_core.verb.build.BuildVerb object at 0xffff81c0ae90>>)
[1.853s] Level 1:colcon.colcon_core.package_discovery:discover_packages(colcon_meta) check parameters
[1.853s] Level 1:colcon.colcon_core.package_discovery:discover_packages(recursive) check parameters
[1.854s] Level 1:colcon.colcon_core.package_discovery:discover_packages(ignore) check parameters
[1.854s] Level 1:colcon.colcon_core.package_discovery:discover_packages(path) check parameters
[1.854s] Level 1:colcon.colcon_core.package_discovery:discover_packages(colcon_meta) discover
[1.855s] Level 1:colcon.colcon_core.package_discovery:discover_packages(recursive) discover
[1.855s] INFO:colcon.colcon_core.package_discovery:Crawling recursively for packages in '/home/ljw/ROS2-smart-car/rdk_x5_ros2'
[1.856s] Level 1:colcon.colcon_core.package_identification:_identify(.) by extensions ['ignore', 'ignore_ament_install']
[1.856s] Level 1:colcon.colcon_core.package_identification:_identify(.) by extension 'ignore'
[1.857s] Level 1:colcon.colcon_core.package_identification:_identify(.) by extension 'ignore_ament_install'
[1.857s] Level 1:colcon.colcon_core.package_identification:_identify(.) by extensions ['colcon_pkg']
[1.857s] Level 1:colcon.colcon_core.package_identification:_identify(.) by extension 'colcon_pkg'
[1.857s] Level 1:colcon.colcon_core.package_identification:_identify(.) by extensions ['colcon_meta']
[1.858s] Level 1:colcon.colcon_core.package_identification:_identify(.) by extension 'colcon_meta'
[1.858s] Level 1:colcon.colcon_core.package_identification:_identify(.) by extensions ['ros']
[1.858s] Level 1:colcon.colcon_core.package_identification:_identify(.) by extension 'ros'
[1.934s] Level 1:colcon.colcon_core.package_identification:_identify(.) by extensions ['cmake', 'python']
[1.934s] Level 1:colcon.colcon_core.package_identification:_identify(.) by extension 'cmake'
[1.935s] Level 1:colcon.colcon_core.package_identification:_identify(.) by extension 'python'
[1.935s] Level 1:colcon.colcon_core.package_identification:_identify(.) by extensions ['python_setup_py']
[1.935s] Level 1:colcon.colcon_core.package_identification:_identify(.) by extension 'python_setup_py'
[1.936s] Level 1:colcon.colcon_core.package_identification:_identify(build) by extensions ['ignore', 'ignore_ament_install']
[1.936s] Level 1:colcon.colcon_core.package_identification:_identify(build) by extension 'ignore'
[1.937s] Level 1:colcon.colcon_core.package_identification:_identify(build) ignored
[1.937s] Level 1:colcon.colcon_core.package_identification:_identify(install) by extensions ['ignore', 'ignore_ament_install']
[1.938s] Level 1:colcon.colcon_core.package_identification:_identify(install) by extension 'ignore'
[1.938s] Level 1:colcon.colcon_core.package_identification:_identify(install) ignored
[1.939s] Level 1:colcon.colcon_core.package_identification:_identify(log) by extensions ['ignore', 'ignore_ament_install']
[1.939s] Level 1:colcon.colcon_core.package_identification:_identify(log) by extension 'ignore'
[1.939s] Level 1:colcon.colcon_core.package_identification:_identify(log) ignored
[1.940s] Level 1:colcon.colcon_core.package_identification:_identify(src) by extensions ['ignore', 'ignore_ament_install']
[1.940s] Level 1:colcon.colcon_core.package_identification:_identify(src) by extension 'ignore'
[1.941s] Level 1:colcon.colcon_core.package_identification:_identify(src) by extension 'ignore_ament_install'
[1.941s] Level 1:colcon.colcon_core.package_identification:_identify(src) by extensions ['colcon_pkg']
[1.941s] Level 1:colcon.colcon_core.package_identification:_identify(src) by extension 'colcon_pkg'
[1.941s] Level 1:colcon.colcon_core.package_identification:_identify(src) by extensions ['colcon_meta']
[1.942s] Level 1:colcon.colcon_core.package_identification:_identify(src) by extension 'colcon_meta'
[1.942s] Level 1:colcon.colcon_core.package_identification:_identify(src) by extensions ['ros']
[1.942s] Level 1:colcon.colcon_core.package_identification:_identify(src) by extension 'ros'
[1.943s] Level 1:colcon.colcon_core.package_identification:_identify(src) by extensions ['cmake', 'python']
[1.943s] Level 1:colcon.colcon_core.package_identification:_identify(src) by extension 'cmake'
[1.943s] Level 1:colcon.colcon_core.package_identification:_identify(src) by extension 'python'
[1.943s] Level 1:colcon.colcon_core.package_identification:_identify(src) by extensions ['python_setup_py']
[1.944s] Level 1:colcon.colcon_core.package_identification:_identify(src) by extension 'python_setup_py'
[1.944s] Level 1:colcon.colcon_core.package_identification:_identify(src/rplidar_ros-ros2) by extensions ['ignore', 'ignore_ament_install']
[1.945s] Level 1:colcon.colcon_core.package_identification:_identify(src/rplidar_ros-ros2) by extension 'ignore'
[1.945s] Level 1:colcon.colcon_core.package_identification:_identify(src/rplidar_ros-ros2) by extension 'ignore_ament_install'
[1.945s] Level 1:colcon.colcon_core.package_identification:_identify(src/rplidar_ros-ros2) by extensions ['colcon_pkg']
[1.946s] Level 1:colcon.colcon_core.package_identification:_identify(src/rplidar_ros-ros2) by extension 'colcon_pkg'
[1.946s] Level 1:colcon.colcon_core.package_identification:_identify(src/rplidar_ros-ros2) by extensions ['colcon_meta']
[1.946s] Level 1:colcon.colcon_core.package_identification:_identify(src/rplidar_ros-ros2) by extension 'colcon_meta'
[1.946s] Level 1:colcon.colcon_core.package_identification:_identify(src/rplidar_ros-ros2) by extensions ['ros']
[1.946s] Level 1:colcon.colcon_core.package_identification:_identify(src/rplidar_ros-ros2) by extension 'ros'
[1.962s] DEBUG:colcon.colcon_core.package_identification:Package 'src/rplidar_ros-ros2' with type 'ros.ament_cmake' and name 'rplidar_ros'
[1.962s] Level 1:colcon.colcon_core.package_identification:_identify(src/ylhb_base) by extensions ['ignore', 'ignore_ament_install']
[1.963s] Level 1:colcon.colcon_core.package_identification:_identify(src/ylhb_base) by extension 'ignore'
[1.964s] Level 1:colcon.colcon_core.package_identification:_identify(src/ylhb_base) by extension 'ignore_ament_install'
[1.964s] Level 1:colcon.colcon_core.package_identification:_identify(src/ylhb_base) by extensions ['colcon_pkg']
[1.965s] Level 1:colcon.colcon_core.package_identification:_identify(src/ylhb_base) by extension 'colcon_pkg'
[1.965s] Level 1:colcon.colcon_core.package_identification:_identify(src/ylhb_base) by extensions ['colcon_meta']
[1.965s] Level 1:colcon.colcon_core.package_identification:_identify(src/ylhb_base) by extension 'colcon_meta'
[1.966s] Level 1:colcon.colcon_core.package_identification:_identify(src/ylhb_base) by extensions ['ros']
[1.966s] Level 1:colcon.colcon_core.package_identification:_identify(src/ylhb_base) by extension 'ros'
[1.975s] DEBUG:colcon.colcon_core.package_identification:Package 'src/ylhb_base' with type 'ros.ament_cmake' and name 'ylhb_base'
[1.976s] Level 1:colcon.colcon_core.package_discovery:discover_packages(recursive) using defaults
[1.976s] Level 1:colcon.colcon_core.package_discovery:discover_packages(ignore) discover
[1.976s] Level 1:colcon.colcon_core.package_discovery:discover_packages(ignore) using defaults
[1.977s] Level 1:colcon.colcon_core.package_discovery:discover_packages(path) discover
[1.977s] Level 1:colcon.colcon_core.package_discovery:discover_packages(path) using defaults
[2.191s] Level 1:colcon.colcon_core.package_discovery:discover_packages(prefix_path) check parameters
[2.192s] Level 1:colcon.colcon_core.package_discovery:discover_packages(prefix_path) discover
[2.204s] DEBUG:colcon.colcon_installed_package_information.package_discovery:Found 58 installed packages in /opt/tros/humble
[2.214s] DEBUG:colcon.colcon_installed_package_information.package_discovery:Found 246 installed packages in /opt/ros/humble
[2.225s] Level 1:colcon.colcon_core.package_discovery:discover_packages(prefix_path) using defaults
[2.494s] Level 5:colcon.colcon_core.verb:set package 'rplidar_ros' build argument 'cmake_args' from command line to 'None'
[2.495s] Level 5:colcon.colcon_core.verb:set package 'rplidar_ros' build argument 'cmake_target' from command line to 'None'
[2.495s] Level 5:colcon.colcon_core.verb:set package 'rplidar_ros' build argument 'cmake_target_skip_unavailable' from command line to 'False'
[2.495s] Level 5:colcon.colcon_core.verb:set package 'rplidar_ros' build argument 'cmake_clean_cache' from command line to 'False'
[2.495s] Level 5:colcon.colcon_core.verb:set package 'rplidar_ros' build argument 'cmake_clean_first' from command line to 'False'
[2.496s] Level 5:colcon.colcon_core.verb:set package 'rplidar_ros' build argument 'cmake_force_configure' from command line to 'False'
[2.496s] Level 5:colcon.colcon_core.verb:set package 'rplidar_ros' build argument 'ament_cmake_args' from command line to 'None'
[2.496s] Level 5:colcon.colcon_core.verb:set package 'rplidar_ros' build argument 'catkin_cmake_args' from command line to 'None'
[2.496s] Level 5:colcon.colcon_core.verb:set package 'rplidar_ros' build argument 'catkin_skip_building_tests' from command line to 'False'
[2.496s] DEBUG:colcon.colcon_core.verb:Building package 'rplidar_ros' with the following arguments: {'ament_cmake_args': None, 'build_base': '/home/ljw/ROS2-smart-car/rdk_x5_ros2/build/rplidar_ros', 'catkin_cmake_args': None, 'catkin_skip_building_tests': False, 'cmake_args': None, 'cmake_clean_cache': False, 'cmake_clean_first': False, 'cmake_force_configure': False, 'cmake_target': None, 'cmake_target_skip_unavailable': False, 'install_base': '/home/ljw/ROS2-smart-car/rdk_x5_ros2/install/rplidar_ros', 'merge_install': False, 'path': '/home/ljw/ROS2-smart-car/rdk_x5_ros2/src/rplidar_ros-ros2', 'symlink_install': False, 'test_result_base': None}
[2.499s] Level 5:colcon.colcon_core.verb:set package 'ylhb_base' build argument 'cmake_args' from command line to 'None'
[2.499s] Level 5:colcon.colcon_core.verb:set package 'ylhb_base' build argument 'cmake_target' from command line to 'None'
[2.499s] Level 5:colcon.colcon_core.verb:set package 'ylhb_base' build argument 'cmake_target_skip_unavailable' from command line to 'False'
[2.500s] Level 5:colcon.colcon_core.verb:set package 'ylhb_base' build argument 'cmake_clean_cache' from command line to 'False'
[2.500s] Level 5:colcon.colcon_core.verb:set package 'ylhb_base' build argument 'cmake_clean_first' from command line to 'False'
[2.500s] Level 5:colcon.colcon_core.verb:set package 'ylhb_base' build argument 'cmake_force_configure' from command line to 'False'
[2.500s] Level 5:colcon.colcon_core.verb:set package 'ylhb_base' build argument 'ament_cmake_args' from command line to 'None'
[2.500s] Level 5:colcon.colcon_core.verb:set package 'ylhb_base' build argument 'catkin_cmake_args' from command line to 'None'
[2.501s] Level 5:colcon.colcon_core.verb:set package 'ylhb_base' build argument 'catkin_skip_building_tests' from command line to 'False'
[2.501s] DEBUG:colcon.colcon_core.verb:Building package 'ylhb_base' with the following arguments: {'ament_cmake_args': None, 'build_base': '/home/ljw/ROS2-smart-car/rdk_x5_ros2/build/ylhb_base', 'catkin_cmake_args': None, 'catkin_skip_building_tests': False, 'cmake_args': None, 'cmake_clean_cache': False, 'cmake_clean_first': False, 'cmake_force_configure': False, 'cmake_target': None, 'cmake_target_skip_unavailable': False, 'install_base': '/home/ljw/ROS2-smart-car/rdk_x5_ros2/install/ylhb_base', 'merge_install': False, 'path': '/home/ljw/ROS2-smart-car/rdk_x5_ros2/src/ylhb_base', 'symlink_install': False, 'test_result_base': None}
[2.502s] INFO:colcon.colcon_core.executor:Executing jobs using 'parallel' executor
[2.506s] DEBUG:colcon.colcon_parallel_executor.executor.parallel:run_until_complete
[2.508s] INFO:colcon.colcon_ros.task.ament_cmake.build:Building ROS package in '/home/ljw/ROS2-smart-car/rdk_x5_ros2/src/rplidar_ros-ros2' with build type 'ament_cmake'
[2.508s] INFO:colcon.colcon_cmake.task.cmake.build:Building CMake package in '/home/ljw/ROS2-smart-car/rdk_x5_ros2/src/rplidar_ros-ros2'
[2.520s] INFO:colcon.colcon_core.plugin_system:Skipping extension 'colcon_core.shell.bat': Not used on non-Windows systems
[2.521s] INFO:colcon.colcon_core.shell:Skip shell extension 'powershell' for command environment: Not usable outside of PowerShell
[2.522s] DEBUG:colcon.colcon_core.shell:Skip shell extension 'dsv' for command environment
[2.559s] DEBUG:colcon.colcon_core.event_handler.log_command:Invoking command in '/home/ljw/ROS2-smart-car/rdk_x5_ros2/build/rplidar_ros': CMAKE_PREFIX_PATH=/opt/tros/humble:/opt/ros/humble /usr/bin/cmake --build /home/ljw/ROS2-smart-car/rdk_x5_ros2/build/rplidar_ros -- -j8 -l8
[3.011s] DEBUG:colcon.colcon_core.event_handler.log_command:Invoked command in '/home/ljw/ROS2-smart-car/rdk_x5_ros2/build/rplidar_ros' returned '0': CMAKE_PREFIX_PATH=/opt/tros/humble:/opt/ros/humble /usr/bin/cmake --build /home/ljw/ROS2-smart-car/rdk_x5_ros2/build/rplidar_ros -- -j8 -l8
[3.055s] DEBUG:colcon.colcon_core.event_handler.log_command:Invoking command in '/home/ljw/ROS2-smart-car/rdk_x5_ros2/build/rplidar_ros': CMAKE_PREFIX_PATH=/opt/tros/humble:/opt/ros/humble /usr/bin/cmake --install /home/ljw/ROS2-smart-car/rdk_x5_ros2/build/rplidar_ros
[3.107s] Level 1:colcon.colcon_core.environment:create_environment_scripts_only(rplidar_ros)
[3.126s] DEBUG:colcon.colcon_core.event_handler.log_command:Invoked command in '/home/ljw/ROS2-smart-car/rdk_x5_ros2/build/rplidar_ros' returned '0': CMAKE_PREFIX_PATH=/opt/tros/humble:/opt/ros/humble /usr/bin/cmake --install /home/ljw/ROS2-smart-car/rdk_x5_ros2/build/rplidar_ros
[3.131s] Level 1:colcon.colcon_core.environment:checking '/home/ljw/ROS2-smart-car/rdk_x5_ros2/install/rplidar_ros' for CMake module files
[3.135s] Level 1:colcon.colcon_core.environment:checking '/home/ljw/ROS2-smart-car/rdk_x5_ros2/install/rplidar_ros' for CMake config files
[3.137s] Level 1:colcon.colcon_core.shell:create_environment_hook('rplidar_ros', 'cmake_prefix_path')
[3.138s] INFO:colcon.colcon_core.shell:Creating environment hook '/home/ljw/ROS2-smart-car/rdk_x5_ros2/install/rplidar_ros/share/rplidar_ros/hook/cmake_prefix_path.ps1'
[3.141s] INFO:colcon.colcon_core.shell:Creating environment descriptor '/home/ljw/ROS2-smart-car/rdk_x5_ros2/install/rplidar_ros/share/rplidar_ros/hook/cmake_prefix_path.dsv'
[3.144s] INFO:colcon.colcon_core.shell:Creating environment hook '/home/ljw/ROS2-smart-car/rdk_x5_ros2/install/rplidar_ros/share/rplidar_ros/hook/cmake_prefix_path.sh'
[3.149s] Level 1:colcon.colcon_core.environment:checking '/home/ljw/ROS2-smart-car/rdk_x5_ros2/install/rplidar_ros/lib'
[3.150s] Level 1:colcon.colcon_core.environment:checking '/home/ljw/ROS2-smart-car/rdk_x5_ros2/install/rplidar_ros/bin'
[3.150s] Level 1:colcon.colcon_core.environment:checking '/home/ljw/ROS2-smart-car/rdk_x5_ros2/install/rplidar_ros/lib/pkgconfig/rplidar_ros.pc'
[3.152s] Level 1:colcon.colcon_core.environment:checking '/home/ljw/ROS2-smart-car/rdk_x5_ros2/install/rplidar_ros/lib/python3.10/site-packages'
[3.154s] Level 1:colcon.colcon_core.environment:checking '/home/ljw/ROS2-smart-car/rdk_x5_ros2/install/rplidar_ros/bin'
[3.156s] INFO:colcon.colcon_core.shell:Creating package script '/home/ljw/ROS2-smart-car/rdk_x5_ros2/install/rplidar_ros/share/rplidar_ros/package.ps1'
[3.161s] INFO:colcon.colcon_core.shell:Creating package descriptor '/home/ljw/ROS2-smart-car/rdk_x5_ros2/install/rplidar_ros/share/rplidar_ros/package.dsv'
[3.165s] INFO:colcon.colcon_core.shell:Creating package script '/home/ljw/ROS2-smart-car/rdk_x5_ros2/install/rplidar_ros/share/rplidar_ros/package.sh'
[3.170s] INFO:colcon.colcon_core.shell:Creating package script '/home/ljw/ROS2-smart-car/rdk_x5_ros2/install/rplidar_ros/share/rplidar_ros/package.bash'
[3.175s] INFO:colcon.colcon_core.shell:Creating package script '/home/ljw/ROS2-smart-car/rdk_x5_ros2/install/rplidar_ros/share/rplidar_ros/package.zsh'
[3.180s] Level 1:colcon.colcon_core.environment:create_file_with_runtime_dependencies(/home/ljw/ROS2-smart-car/rdk_x5_ros2/install/rplidar_ros/share/colcon-core/packages/rplidar_ros)
[3.183s] Level 1:colcon.colcon_core.environment:create_environment_scripts_only(rplidar_ros)
[3.185s] Level 1:colcon.colcon_core.environment:checking '/home/ljw/ROS2-smart-car/rdk_x5_ros2/install/rplidar_ros' for CMake module files
[3.188s] Level 1:colcon.colcon_core.environment:checking '/home/ljw/ROS2-smart-car/rdk_x5_ros2/install/rplidar_ros' for CMake config files
[3.189s] Level 1:colcon.colcon_core.shell:create_environment_hook('rplidar_ros', 'cmake_prefix_path')
[3.190s] INFO:colcon.colcon_core.shell:Creating environment hook '/home/ljw/ROS2-smart-car/rdk_x5_ros2/install/rplidar_ros/share/rplidar_ros/hook/cmake_prefix_path.ps1'
[3.193s] INFO:colcon.colcon_core.shell:Creating environment descriptor '/home/ljw/ROS2-smart-car/rdk_x5_ros2/install/rplidar_ros/share/rplidar_ros/hook/cmake_prefix_path.dsv'
[3.195s] INFO:colcon.colcon_core.shell:Creating environment hook '/home/ljw/ROS2-smart-car/rdk_x5_ros2/install/rplidar_ros/share/rplidar_ros/hook/cmake_prefix_path.sh'
[3.197s] Level 1:colcon.colcon_core.environment:checking '/home/ljw/ROS2-smart-car/rdk_x5_ros2/install/rplidar_ros/lib'
[3.198s] Level 1:colcon.colcon_core.environment:checking '/home/ljw/ROS2-smart-car/rdk_x5_ros2/install/rplidar_ros/bin'
[3.198s] Level 1:colcon.colcon_core.environment:checking '/home/ljw/ROS2-smart-car/rdk_x5_ros2/install/rplidar_ros/lib/pkgconfig/rplidar_ros.pc'
[3.200s] Level 1:colcon.colcon_core.environment:checking '/home/ljw/ROS2-smart-car/rdk_x5_ros2/install/rplidar_ros/lib/python3.10/site-packages'
[3.202s] Level 1:colcon.colcon_core.environment:checking '/home/ljw/ROS2-smart-car/rdk_x5_ros2/install/rplidar_ros/bin'
[3.204s] INFO:colcon.colcon_core.shell:Creating package script '/home/ljw/ROS2-smart-car/rdk_x5_ros2/install/rplidar_ros/share/rplidar_ros/package.ps1'
[3.206s] INFO:colcon.colcon_core.shell:Creating package descriptor '/home/ljw/ROS2-smart-car/rdk_x5_ros2/install/rplidar_ros/share/rplidar_ros/package.dsv'
[3.209s] INFO:colcon.colcon_core.shell:Creating package script '/home/ljw/ROS2-smart-car/rdk_x5_ros2/install/rplidar_ros/share/rplidar_ros/package.sh'
[3.212s] INFO:colcon.colcon_core.shell:Creating package script '/home/ljw/ROS2-smart-car/rdk_x5_ros2/install/rplidar_ros/share/rplidar_ros/package.bash'
[3.215s] INFO:colcon.colcon_core.shell:Creating package script '/home/ljw/ROS2-smart-car/rdk_x5_ros2/install/rplidar_ros/share/rplidar_ros/package.zsh'
[3.218s] Level 1:colcon.colcon_core.environment:create_file_with_runtime_dependencies(/home/ljw/ROS2-smart-car/rdk_x5_ros2/install/rplidar_ros/share/colcon-core/packages/rplidar_ros)
[3.228s] INFO:colcon.colcon_ros.task.ament_cmake.build:Building ROS package in '/home/ljw/ROS2-smart-car/rdk_x5_ros2/src/ylhb_base' with build type 'ament_cmake'
[3.229s] INFO:colcon.colcon_cmake.task.cmake.build:Building CMake package in '/home/ljw/ROS2-smart-car/rdk_x5_ros2/src/ylhb_base'
[3.231s] INFO:colcon.colcon_core.shell:Skip shell extension 'powershell' for command environment: Not usable outside of PowerShell
[3.231s] DEBUG:colcon.colcon_core.shell:Skip shell extension 'dsv' for command environment
[3.270s] DEBUG:colcon.colcon_core.event_handler.log_command:Invoking command in '/home/ljw/ROS2-smart-car/rdk_x5_ros2/build/ylhb_base': AMENT_PREFIX_PATH=/home/ljw/ROS2-smart-car/rdk_x5_ros2/install/rplidar_ros:${AMENT_PREFIX_PATH} CMAKE_PREFIX_PATH=/home/ljw/ROS2-smart-car/rdk_x5_ros2/install/rplidar_ros:/opt/tros/humble:/opt/ros/humble /usr/bin/cmake --build /home/ljw/ROS2-smart-car/rdk_x5_ros2/build/ylhb_base -- -j8 -l8
[3.568s] DEBUG:colcon.colcon_core.event_handler.log_command:Invoked command in '/home/ljw/ROS2-smart-car/rdk_x5_ros2/build/ylhb_base' returned '0': AMENT_PREFIX_PATH=/home/ljw/ROS2-smart-car/rdk_x5_ros2/install/rplidar_ros:${AMENT_PREFIX_PATH} CMAKE_PREFIX_PATH=/home/ljw/ROS2-smart-car/rdk_x5_ros2/install/rplidar_ros:/opt/tros/humble:/opt/ros/humble /usr/bin/cmake --build /home/ljw/ROS2-smart-car/rdk_x5_ros2/build/ylhb_base -- -j8 -l8
[3.575s] DEBUG:colcon.colcon_core.event_handler.log_command:Invoking command in '/home/ljw/ROS2-smart-car/rdk_x5_ros2/build/ylhb_base': AMENT_PREFIX_PATH=/home/ljw/ROS2-smart-car/rdk_x5_ros2/install/rplidar_ros:${AMENT_PREFIX_PATH} CMAKE_PREFIX_PATH=/home/ljw/ROS2-smart-car/rdk_x5_ros2/install/rplidar_ros:/opt/tros/humble:/opt/ros/humble /usr/bin/cmake --install /home/ljw/ROS2-smart-car/rdk_x5_ros2/build/ylhb_base
[3.623s] Level 1:colcon.colcon_core.environment:create_environment_scripts_only(ylhb_base)
[3.625s] Level 1:colcon.colcon_core.environment:checking '/home/ljw/ROS2-smart-car/rdk_x5_ros2/install/ylhb_base' for CMake module files
[3.631s] DEBUG:colcon.colcon_core.event_handler.log_command:Invoked command in '/home/ljw/ROS2-smart-car/rdk_x5_ros2/build/ylhb_base' returned '0': AMENT_PREFIX_PATH=/home/ljw/ROS2-smart-car/rdk_x5_ros2/install/rplidar_ros:${AMENT_PREFIX_PATH} CMAKE_PREFIX_PATH=/home/ljw/ROS2-smart-car/rdk_x5_ros2/install/rplidar_ros:/opt/tros/humble:/opt/ros/humble /usr/bin/cmake --install /home/ljw/ROS2-smart-car/rdk_x5_ros2/build/ylhb_base
[3.634s] Level 1:colcon.colcon_core.environment:checking '/home/ljw/ROS2-smart-car/rdk_x5_ros2/install/ylhb_base' for CMake config files
[3.635s] Level 1:colcon.colcon_core.shell:create_environment_hook('ylhb_base', 'cmake_prefix_path')
[3.636s] INFO:colcon.colcon_core.shell:Creating environment hook '/home/ljw/ROS2-smart-car/rdk_x5_ros2/install/ylhb_base/share/ylhb_base/hook/cmake_prefix_path.ps1'
[3.638s] INFO:colcon.colcon_core.shell:Creating environment descriptor '/home/ljw/ROS2-smart-car/rdk_x5_ros2/install/ylhb_base/share/ylhb_base/hook/cmake_prefix_path.dsv'
[3.640s] INFO:colcon.colcon_core.shell:Creating environment hook '/home/ljw/ROS2-smart-car/rdk_x5_ros2/install/ylhb_base/share/ylhb_base/hook/cmake_prefix_path.sh'
[3.643s] Level 1:colcon.colcon_core.environment:checking '/home/ljw/ROS2-smart-car/rdk_x5_ros2/install/ylhb_base/lib'
[3.643s] Level 1:colcon.colcon_core.environment:checking '/home/ljw/ROS2-smart-car/rdk_x5_ros2/install/ylhb_base/bin'
[3.644s] Level 1:colcon.colcon_core.environment:checking '/home/ljw/ROS2-smart-car/rdk_x5_ros2/install/ylhb_base/lib/pkgconfig/ylhb_base.pc'
[3.645s] Level 1:colcon.colcon_core.environment:checking '/home/ljw/ROS2-smart-car/rdk_x5_ros2/install/ylhb_base/lib/python3.10/site-packages'
[3.647s] Level 1:colcon.colcon_core.environment:checking '/home/ljw/ROS2-smart-car/rdk_x5_ros2/install/ylhb_base/bin'
[3.649s] INFO:colcon.colcon_core.shell:Creating package script '/home/ljw/ROS2-smart-car/rdk_x5_ros2/install/ylhb_base/share/ylhb_base/package.ps1'
[3.652s] INFO:colcon.colcon_core.shell:Creating package descriptor '/home/ljw/ROS2-smart-car/rdk_x5_ros2/install/ylhb_base/share/ylhb_base/package.dsv'
[3.655s] INFO:colcon.colcon_core.shell:Creating package script '/home/ljw/ROS2-smart-car/rdk_x5_ros2/install/ylhb_base/share/ylhb_base/package.sh'
[3.657s] INFO:colcon.colcon_core.shell:Creating package script '/home/ljw/ROS2-smart-car/rdk_x5_ros2/install/ylhb_base/share/ylhb_base/package.bash'
[3.659s] INFO:colcon.colcon_core.shell:Creating package script '/home/ljw/ROS2-smart-car/rdk_x5_ros2/install/ylhb_base/share/ylhb_base/package.zsh'
[3.661s] Level 1:colcon.colcon_core.environment:create_file_with_runtime_dependencies(/home/ljw/ROS2-smart-car/rdk_x5_ros2/install/ylhb_base/share/colcon-core/packages/ylhb_base)
[3.664s] Level 1:colcon.colcon_core.environment:create_environment_scripts_only(ylhb_base)
[3.666s] Level 1:colcon.colcon_core.environment:checking '/home/ljw/ROS2-smart-car/rdk_x5_ros2/install/ylhb_base' for CMake module files
[3.669s] Level 1:colcon.colcon_core.environment:checking '/home/ljw/ROS2-smart-car/rdk_x5_ros2/install/ylhb_base' for CMake config files
[3.670s] Level 1:colcon.colcon_core.shell:create_environment_hook('ylhb_base', 'cmake_prefix_path')
[3.671s] INFO:colcon.colcon_core.shell:Creating environment hook '/home/ljw/ROS2-smart-car/rdk_x5_ros2/install/ylhb_base/share/ylhb_base/hook/cmake_prefix_path.ps1'
[3.674s] INFO:colcon.colcon_core.shell:Creating environment descriptor '/home/ljw/ROS2-smart-car/rdk_x5_ros2/install/ylhb_base/share/ylhb_base/hook/cmake_prefix_path.dsv'
[3.676s] INFO:colcon.colcon_core.shell:Creating environment hook '/home/ljw/ROS2-smart-car/rdk_x5_ros2/install/ylhb_base/share/ylhb_base/hook/cmake_prefix_path.sh'
[3.679s] Level 1:colcon.colcon_core.environment:checking '/home/ljw/ROS2-smart-car/rdk_x5_ros2/install/ylhb_base/lib'
[3.679s] Level 1:colcon.colcon_core.environment:checking '/home/ljw/ROS2-smart-car/rdk_x5_ros2/install/ylhb_base/bin'
[3.680s] Level 1:colcon.colcon_core.environment:checking '/home/ljw/ROS2-smart-car/rdk_x5_ros2/install/ylhb_base/lib/pkgconfig/ylhb_base.pc'
[3.681s] Level 1:colcon.colcon_core.environment:checking '/home/ljw/ROS2-smart-car/rdk_x5_ros2/install/ylhb_base/lib/python3.10/site-packages'
[3.683s] Level 1:colcon.colcon_core.environment:checking '/home/ljw/ROS2-smart-car/rdk_x5_ros2/install/ylhb_base/bin'
[3.685s] INFO:colcon.colcon_core.shell:Creating package script '/home/ljw/ROS2-smart-car/rdk_x5_ros2/install/ylhb_base/share/ylhb_base/package.ps1'
[3.688s] INFO:colcon.colcon_core.shell:Creating package descriptor '/home/ljw/ROS2-smart-car/rdk_x5_ros2/install/ylhb_base/share/ylhb_base/package.dsv'
[3.691s] INFO:colcon.colcon_core.shell:Creating package script '/home/ljw/ROS2-smart-car/rdk_x5_ros2/install/ylhb_base/share/ylhb_base/package.sh'
[3.693s] INFO:colcon.colcon_core.shell:Creating package script '/home/ljw/ROS2-smart-car/rdk_x5_ros2/install/ylhb_base/share/ylhb_base/package.bash'
[3.695s] INFO:colcon.colcon_core.shell:Creating package script '/home/ljw/ROS2-smart-car/rdk_x5_ros2/install/ylhb_base/share/ylhb_base/package.zsh'
[3.697s] Level 1:colcon.colcon_core.environment:create_file_with_runtime_dependencies(/home/ljw/ROS2-smart-car/rdk_x5_ros2/install/ylhb_base/share/colcon-core/packages/ylhb_base)
[3.699s] DEBUG:colcon.colcon_parallel_executor.executor.parallel:closing loop
[3.700s] DEBUG:colcon.colcon_parallel_executor.executor.parallel:loop closed
[3.700s] DEBUG:colcon.colcon_parallel_executor.executor.parallel:run_until_complete finished with '0'
[3.701s] DEBUG:colcon.colcon_core.event_reactor:joining thread
[3.725s] INFO:colcon.colcon_core.plugin_system:Skipping extension 'colcon_notification.desktop_notification.notify_send': Could not find 'notify-send'
[3.726s] INFO:colcon.colcon_core.plugin_system:Skipping extension 'colcon_notification.desktop_notification.terminal_notifier': Not used on non-Darwin systems
[3.726s] INFO:colcon.colcon_core.plugin_system:Skipping extension 'colcon_notification.desktop_notification.win32': Not used on non-Windows systems
[3.727s] INFO:colcon.colcon_notification.desktop_notification:Sending desktop notification using 'notify2'
[28.754s] DEBUG:colcon.colcon_notification.desktop_notification.notify2:Failed to initialize notify2: org.freedesktop.DBus.Error.NoReply: Did not receive a reply. Possible causes include: the remote application did not send a reply, the message bus security policy blocked the reply, the reply timeout expired, or the network connection was broken.
[28.755s] DEBUG:colcon.colcon_core.event_reactor:joined thread
[28.757s] INFO:colcon.colcon_core.shell:Creating prefix script '/home/ljw/ROS2-smart-car/rdk_x5_ros2/install/local_setup.ps1'
[28.765s] INFO:colcon.colcon_core.shell:Creating prefix util module '/home/ljw/ROS2-smart-car/rdk_x5_ros2/install/_local_setup_util_ps1.py'
[28.774s] INFO:colcon.colcon_core.shell:Creating prefix chain script '/home/ljw/ROS2-smart-car/rdk_x5_ros2/install/setup.ps1'
[28.780s] INFO:colcon.colcon_core.shell:Creating prefix script '/home/ljw/ROS2-smart-car/rdk_x5_ros2/install/local_setup.sh'
[28.783s] INFO:colcon.colcon_core.shell:Creating prefix util module '/home/ljw/ROS2-smart-car/rdk_x5_ros2/install/_local_setup_util_sh.py'
[28.787s] INFO:colcon.colcon_core.shell:Creating prefix chain script '/home/ljw/ROS2-smart-car/rdk_x5_ros2/install/setup.sh'
[28.794s] INFO:colcon.colcon_core.shell:Creating prefix script '/home/ljw/ROS2-smart-car/rdk_x5_ros2/install/local_setup.bash'
[28.797s] INFO:colcon.colcon_core.shell:Creating prefix chain script '/home/ljw/ROS2-smart-car/rdk_x5_ros2/install/setup.bash'
[28.803s] INFO:colcon.colcon_core.shell:Creating prefix script '/home/ljw/ROS2-smart-car/rdk_x5_ros2/install/local_setup.zsh'
[28.806s] INFO:colcon.colcon_core.shell:Creating prefix chain script '/home/ljw/ROS2-smart-car/rdk_x5_ros2/install/setup.zsh'
