[0.637s] DEBUG:colcon:Command line arguments: ['/usr/bin/colcon', 'build', '--packages-select', 'ylhb_base']
[0.638s] DEBUG:colcon:Parsed command line arguments: Namespace(log_base=None, log_level=None, verb_name='build', build_base='build', install_base='install', merge_install=False, symlink_install=False, test_result_base=None, continue_on_error=False, executor='parallel', parallel_workers=8, event_handlers=None, ignore_user_meta=False, metas=['./colcon.meta'], base_paths=['.'], packages_ignore=None, packages_ignore_regex=None, paths=None, packages_up_to=None, packages_up_to_regex=None, packages_above=None, packages_above_and_dependencies=None, packages_above_depth=None, packages_select_by_dep=None, packages_skip_by_dep=None, packages_skip_up_to=None, packages_select_build_failed=False, packages_skip_build_finished=False, packages_select_test_failures=False, packages_skip_test_passed=False, packages_select=['ylhb_base'], packages_skip=None, packages_select_regex=None, packages_skip_regex=None, packages_start=None, packages_end=None, allow_overriding=[], cmake_args=None, cmake_target=None, cmake_target_skip_unavailable=False, cmake_clean_cache=False, cmake_clean_first=False, cmake_force_configure=False, ament_cmake_args=None, catkin_cmake_args=None, catkin_skip_building_tests=False, verb_parser=<colcon_defaults.argument_parser.defaults.DefaultArgumentsDecorator object at 0xffffad64b3d0>, verb_extension=<colcon_core.verb.build.BuildVerb object at 0xffffad64aec0>, main=<bound method BuildVerb.main of <colcon_core.verb.build.BuildVerb object at 0xffffad64aec0>>)
[1.823s] Level 1:colcon.colcon_core.package_discovery:discover_packages(colcon_meta) check parameters
[1.824s] Level 1:colcon.colcon_core.package_discovery:discover_packages(recursive) check parameters
[1.824s] Level 1:colcon.colcon_core.package_discovery:discover_packages(ignore) check parameters
[1.825s] Level 1:colcon.colcon_core.package_discovery:discover_packages(path) check parameters
[1.825s] Level 1:colcon.colcon_core.package_discovery:discover_packages(colcon_meta) discover
[1.825s] Level 1:colcon.colcon_core.package_discovery:discover_packages(recursive) discover
[1.825s] INFO:colcon.colcon_core.package_discovery:Crawling recursively for packages in '/home/ljw/ROS2-smart-car/rdk_x5_ros2'
[1.826s] Level 1:colcon.colcon_core.package_identification:_identify(.) by extensions ['ignore', 'ignore_ament_install']
[1.826s] Level 1:colcon.colcon_core.package_identification:_identify(.) by extension 'ignore'
[1.827s] Level 1:colcon.colcon_core.package_identification:_identify(.) by extension 'ignore_ament_install'
[1.827s] Level 1:colcon.colcon_core.package_identification:_identify(.) by extensions ['colcon_pkg']
[1.827s] Level 1:colcon.colcon_core.package_identification:_identify(.) by extension 'colcon_pkg'
[1.828s] Level 1:colcon.colcon_core.package_identification:_identify(.) by extensions ['colcon_meta']
[1.828s] Level 1:colcon.colcon_core.package_identification:_identify(.) by extension 'colcon_meta'
[1.828s] Level 1:colcon.colcon_core.package_identification:_identify(.) by extensions ['ros']
[1.828s] Level 1:colcon.colcon_core.package_identification:_identify(.) by extension 'ros'
[1.905s] Level 1:colcon.colcon_core.package_identification:_identify(.) by extensions ['cmake', 'python']
[1.906s] Level 1:colcon.colcon_core.package_identification:_identify(.) by extension 'cmake'
[1.906s] Level 1:colcon.colcon_core.package_identification:_identify(.) by extension 'python'
[1.906s] Level 1:colcon.colcon_core.package_identification:_identify(.) by extensions ['python_setup_py']
[1.907s] Level 1:colcon.colcon_core.package_identification:_identify(.) by extension 'python_setup_py'
[1.907s] Level 1:colcon.colcon_core.package_identification:_identify(build) by extensions ['ignore', 'ignore_ament_install']
[1.908s] Level 1:colcon.colcon_core.package_identification:_identify(build) by extension 'ignore'
[1.908s] Level 1:colcon.colcon_core.package_identification:_identify(build) ignored
[1.909s] Level 1:colcon.colcon_core.package_identification:_identify(install) by extensions ['ignore', 'ignore_ament_install']
[1.909s] Level 1:colcon.colcon_core.package_identification:_identify(install) by extension 'ignore'
[1.910s] Level 1:colcon.colcon_core.package_identification:_identify(install) ignored
[1.910s] Level 1:colcon.colcon_core.package_identification:_identify(log) by extensions ['ignore', 'ignore_ament_install']
[1.911s] Level 1:colcon.colcon_core.package_identification:_identify(log) by extension 'ignore'
[1.911s] Level 1:colcon.colcon_core.package_identification:_identify(log) ignored
[1.911s] Level 1:colcon.colcon_core.package_identification:_identify(src) by extensions ['ignore', 'ignore_ament_install']
[1.912s] Level 1:colcon.colcon_core.package_identification:_identify(src) by extension 'ignore'
[1.912s] Level 1:colcon.colcon_core.package_identification:_identify(src) by extension 'ignore_ament_install'
[1.912s] Level 1:colcon.colcon_core.package_identification:_identify(src) by extensions ['colcon_pkg']
[1.913s] Level 1:colcon.colcon_core.package_identification:_identify(src) by extension 'colcon_pkg'
[1.913s] Level 1:colcon.colcon_core.package_identification:_identify(src) by extensions ['colcon_meta']
[1.913s] Level 1:colcon.colcon_core.package_identification:_identify(src) by extension 'colcon_meta'
[1.913s] Level 1:colcon.colcon_core.package_identification:_identify(src) by extensions ['ros']
[1.913s] Level 1:colcon.colcon_core.package_identification:_identify(src) by extension 'ros'
[1.914s] Level 1:colcon.colcon_core.package_identification:_identify(src) by extensions ['cmake', 'python']
[1.914s] Level 1:colcon.colcon_core.package_identification:_identify(src) by extension 'cmake'
[1.914s] Level 1:colcon.colcon_core.package_identification:_identify(src) by extension 'python'
[1.915s] Level 1:colcon.colcon_core.package_identification:_identify(src) by extensions ['python_setup_py']
[1.915s] Level 1:colcon.colcon_core.package_identification:_identify(src) by extension 'python_setup_py'
[1.915s] Level 1:colcon.colcon_core.package_identification:_identify(src/rplidar_ros-ros2) by extensions ['ignore', 'ignore_ament_install']
[1.916s] Level 1:colcon.colcon_core.package_identification:_identify(src/rplidar_ros-ros2) by extension 'ignore'
[1.916s] Level 1:colcon.colcon_core.package_identification:_identify(src/rplidar_ros-ros2) by extension 'ignore_ament_install'
[1.917s] Level 1:colcon.colcon_core.package_identification:_identify(src/rplidar_ros-ros2) by extensions ['colcon_pkg']
[1.917s] Level 1:colcon.colcon_core.package_identification:_identify(src/rplidar_ros-ros2) by extension 'colcon_pkg'
[1.917s] Level 1:colcon.colcon_core.package_identification:_identify(src/rplidar_ros-ros2) by extensions ['colcon_meta']
[1.918s] Level 1:colcon.colcon_core.package_identification:_identify(src/rplidar_ros-ros2) by extension 'colcon_meta'
[1.918s] Level 1:colcon.colcon_core.package_identification:_identify(src/rplidar_ros-ros2) by extensions ['ros']
[1.918s] Level 1:colcon.colcon_core.package_identification:_identify(src/rplidar_ros-ros2) by extension 'ros'
[1.934s] DEBUG:colcon.colcon_core.package_identification:Package 'src/rplidar_ros-ros2' with type 'ros.ament_cmake' and name 'rplidar_ros'
[1.935s] Level 1:colcon.colcon_core.package_identification:_identify(src/ylhb_base) by extensions ['ignore', 'ignore_ament_install']
[1.936s] Level 1:colcon.colcon_core.package_identification:_identify(src/ylhb_base) by extension 'ignore'
[1.936s] Level 1:colcon.colcon_core.package_identification:_identify(src/ylhb_base) by extension 'ignore_ament_install'
[1.936s] Level 1:colcon.colcon_core.package_identification:_identify(src/ylhb_base) by extensions ['colcon_pkg']
[1.936s] Level 1:colcon.colcon_core.package_identification:_identify(src/ylhb_base) by extension 'colcon_pkg'
[1.937s] Level 1:colcon.colcon_core.package_identification:_identify(src/ylhb_base) by extensions ['colcon_meta']
[1.937s] Level 1:colcon.colcon_core.package_identification:_identify(src/ylhb_base) by extension 'colcon_meta'
[1.937s] Level 1:colcon.colcon_core.package_identification:_identify(src/ylhb_base) by extensions ['ros']
[1.938s] Level 1:colcon.colcon_core.package_identification:_identify(src/ylhb_base) by extension 'ros'
[1.946s] DEBUG:colcon.colcon_core.package_identification:Package 'src/ylhb_base' with type 'ros.ament_cmake' and name 'ylhb_base'
[1.946s] Level 1:colcon.colcon_core.package_discovery:discover_packages(recursive) using defaults
[1.947s] Level 1:colcon.colcon_core.package_discovery:discover_packages(ignore) discover
[1.947s] Level 1:colcon.colcon_core.package_discovery:discover_packages(ignore) using defaults
[1.947s] Level 1:colcon.colcon_core.package_discovery:discover_packages(path) discover
[1.947s] Level 1:colcon.colcon_core.package_discovery:discover_packages(path) using defaults
[2.148s] INFO:colcon.colcon_core.package_selection:Skipping not selected package 'rplidar_ros' in 'src/rplidar_ros-ros2'
[2.151s] Level 1:colcon.colcon_core.package_discovery:discover_packages(prefix_path) check parameters
[2.151s] Level 1:colcon.colcon_core.package_discovery:discover_packages(prefix_path) discover
[2.162s] DEBUG:colcon.colcon_installed_package_information.package_discovery:Found 58 installed packages in /opt/tros/humble
[2.171s] DEBUG:colcon.colcon_installed_package_information.package_discovery:Found 246 installed packages in /opt/ros/humble
[2.182s] Level 1:colcon.colcon_core.package_discovery:discover_packages(prefix_path) using defaults
[2.446s] Level 5:colcon.colcon_core.verb:set package 'ylhb_base' build argument 'cmake_args' from command line to 'None'
[2.447s] Level 5:colcon.colcon_core.verb:set package 'ylhb_base' build argument 'cmake_target' from command line to 'None'
[2.447s] Level 5:colcon.colcon_core.verb:set package 'ylhb_base' build argument 'cmake_target_skip_unavailable' from command line to 'False'
[2.448s] Level 5:colcon.colcon_core.verb:set package 'ylhb_base' build argument 'cmake_clean_cache' from command line to 'False'
[2.448s] Level 5:colcon.colcon_core.verb:set package 'ylhb_base' build argument 'cmake_clean_first' from command line to 'False'
[2.448s] Level 5:colcon.colcon_core.verb:set package 'ylhb_base' build argument 'cmake_force_configure' from command line to 'False'
[2.448s] Level 5:colcon.colcon_core.verb:set package 'ylhb_base' build argument 'ament_cmake_args' from command line to 'None'
[2.448s] Level 5:colcon.colcon_core.verb:set package 'ylhb_base' build argument 'catkin_cmake_args' from command line to 'None'
[2.449s] Level 5:colcon.colcon_core.verb:set package 'ylhb_base' build argument 'catkin_skip_building_tests' from command line to 'False'
[2.449s] DEBUG:colcon.colcon_core.verb:Building package 'ylhb_base' with the following arguments: {'ament_cmake_args': None, 'build_base': '/home/ljw/ROS2-smart-car/rdk_x5_ros2/build/ylhb_base', 'catkin_cmake_args': None, 'catkin_skip_building_tests': False, 'cmake_args': None, 'cmake_clean_cache': False, 'cmake_clean_first': False, 'cmake_force_configure': False, 'cmake_target': None, 'cmake_target_skip_unavailable': False, 'install_base': '/home/ljw/ROS2-smart-car/rdk_x5_ros2/install/ylhb_base', 'merge_install': False, 'path': '/home/ljw/ROS2-smart-car/rdk_x5_ros2/src/ylhb_base', 'symlink_install': False, 'test_result_base': None}
[2.450s] INFO:colcon.colcon_core.executor:Executing jobs using 'parallel' executor
[2.455s] DEBUG:colcon.colcon_parallel_executor.executor.parallel:run_until_complete
[2.456s] INFO:colcon.colcon_ros.task.ament_cmake.build:Building ROS package in '/home/ljw/ROS2-smart-car/rdk_x5_ros2/src/ylhb_base' with build type 'ament_cmake'
[2.457s] INFO:colcon.colcon_cmake.task.cmake.build:Building CMake package in '/home/ljw/ROS2-smart-car/rdk_x5_ros2/src/ylhb_base'
[2.469s] INFO:colcon.colcon_core.plugin_system:Skipping extension 'colcon_core.shell.bat': Not used on non-Windows systems
[2.470s] INFO:colcon.colcon_core.shell:Skip shell extension 'powershell' for command environment: Not usable outside of PowerShell
[2.471s] DEBUG:colcon.colcon_core.shell:Skip shell extension 'dsv' for command environment
[2.557s] DEBUG:colcon.colcon_core.event_handler.log_command:Invoking command in '/home/ljw/ROS2-smart-car/rdk_x5_ros2/build/ylhb_base': AMENT_PREFIX_PATH=/home/ljw/ROS2-smart-car/rdk_x5_ros2/install/rplidar_ros:${AMENT_PREFIX_PATH} CMAKE_PREFIX_PATH=/home/ljw/ROS2-smart-car/rdk_x5_ros2/install/rplidar_ros:/opt/tros/humble:/opt/ros/humble /usr/bin/cmake --build /home/ljw/ROS2-smart-car/rdk_x5_ros2/build/ylhb_base -- -j8 -l8
[2.910s] DEBUG:colcon.colcon_core.event_handler.log_command:Invoked command in '/home/ljw/ROS2-smart-car/rdk_x5_ros2/build/ylhb_base' returned '0': AMENT_PREFIX_PATH=/home/ljw/ROS2-smart-car/rdk_x5_ros2/install/rplidar_ros:${AMENT_PREFIX_PATH} CMAKE_PREFIX_PATH=/home/ljw/ROS2-smart-car/rdk_x5_ros2/install/rplidar_ros:/opt/tros/humble:/opt/ros/humble /usr/bin/cmake --build /home/ljw/ROS2-smart-car/rdk_x5_ros2/build/ylhb_base -- -j8 -l8
[2.955s] DEBUG:colcon.colcon_core.event_handler.log_command:Invoking command in '/home/ljw/ROS2-smart-car/rdk_x5_ros2/build/ylhb_base': AMENT_PREFIX_PATH=/home/ljw/ROS2-smart-car/rdk_x5_ros2/install/rplidar_ros:${AMENT_PREFIX_PATH} CMAKE_PREFIX_PATH=/home/ljw/ROS2-smart-car/rdk_x5_ros2/install/rplidar_ros:/opt/tros/humble:/opt/ros/humble /usr/bin/cmake --install /home/ljw/ROS2-smart-car/rdk_x5_ros2/build/ylhb_base
[3.003s] Level 1:colcon.colcon_core.environment:create_environment_scripts_only(ylhb_base)
[3.012s] DEBUG:colcon.colcon_core.event_handler.log_command:Invoked command in '/home/ljw/ROS2-smart-car/rdk_x5_ros2/build/ylhb_base' returned '0': AMENT_PREFIX_PATH=/home/ljw/ROS2-smart-car/rdk_x5_ros2/install/rplidar_ros:${AMENT_PREFIX_PATH} CMAKE_PREFIX_PATH=/home/ljw/ROS2-smart-car/rdk_x5_ros2/install/rplidar_ros:/opt/tros/humble:/opt/ros/humble /usr/bin/cmake --install /home/ljw/ROS2-smart-car/rdk_x5_ros2/build/ylhb_base
[3.022s] Level 1:colcon.colcon_core.environment:checking '/home/ljw/ROS2-smart-car/rdk_x5_ros2/install/ylhb_base' for CMake module files
[3.027s] Level 1:colcon.colcon_core.environment:checking '/home/ljw/ROS2-smart-car/rdk_x5_ros2/install/ylhb_base' for CMake config files
[3.028s] Level 1:colcon.colcon_core.shell:create_environment_hook('ylhb_base', 'cmake_prefix_path')
[3.030s] INFO:colcon.colcon_core.shell:Creating environment hook '/home/ljw/ROS2-smart-car/rdk_x5_ros2/install/ylhb_base/share/ylhb_base/hook/cmake_prefix_path.ps1'
[3.034s] INFO:colcon.colcon_core.shell:Creating environment descriptor '/home/ljw/ROS2-smart-car/rdk_x5_ros2/install/ylhb_base/share/ylhb_base/hook/cmake_prefix_path.dsv'
[3.036s] INFO:colcon.colcon_core.shell:Creating environment hook '/home/ljw/ROS2-smart-car/rdk_x5_ros2/install/ylhb_base/share/ylhb_base/hook/cmake_prefix_path.sh'
[3.041s] Level 1:colcon.colcon_core.environment:checking '/home/ljw/ROS2-smart-car/rdk_x5_ros2/install/ylhb_base/lib'
[3.042s] Level 1:colcon.colcon_core.environment:checking '/home/ljw/ROS2-smart-car/rdk_x5_ros2/install/ylhb_base/bin'
[3.043s] Level 1:colcon.colcon_core.environment:checking '/home/ljw/ROS2-smart-car/rdk_x5_ros2/install/ylhb_base/lib/pkgconfig/ylhb_base.pc'
[3.044s] Level 1:colcon.colcon_core.environment:checking '/home/ljw/ROS2-smart-car/rdk_x5_ros2/install/ylhb_base/lib/python3.10/site-packages'
[3.046s] Level 1:colcon.colcon_core.environment:checking '/home/ljw/ROS2-smart-car/rdk_x5_ros2/install/ylhb_base/bin'
[3.048s] INFO:colcon.colcon_core.shell:Creating package script '/home/ljw/ROS2-smart-car/rdk_x5_ros2/install/ylhb_base/share/ylhb_base/package.ps1'
[3.053s] INFO:colcon.colcon_core.shell:Creating package descriptor '/home/ljw/ROS2-smart-car/rdk_x5_ros2/install/ylhb_base/share/ylhb_base/package.dsv'
[3.056s] INFO:colcon.colcon_core.shell:Creating package script '/home/ljw/ROS2-smart-car/rdk_x5_ros2/install/ylhb_base/share/ylhb_base/package.sh'
[3.061s] INFO:colcon.colcon_core.shell:Creating package script '/home/ljw/ROS2-smart-car/rdk_x5_ros2/install/ylhb_base/share/ylhb_base/package.bash'
[3.066s] INFO:colcon.colcon_core.shell:Creating package script '/home/ljw/ROS2-smart-car/rdk_x5_ros2/install/ylhb_base/share/ylhb_base/package.zsh'
[3.071s] Level 1:colcon.colcon_core.environment:create_file_with_runtime_dependencies(/home/ljw/ROS2-smart-car/rdk_x5_ros2/install/ylhb_base/share/colcon-core/packages/ylhb_base)
[3.074s] Level 1:colcon.colcon_core.environment:create_environment_scripts_only(ylhb_base)
[3.076s] Level 1:colcon.colcon_core.environment:checking '/home/ljw/ROS2-smart-car/rdk_x5_ros2/install/ylhb_base' for CMake module files
[3.079s] Level 1:colcon.colcon_core.environment:checking '/home/ljw/ROS2-smart-car/rdk_x5_ros2/install/ylhb_base' for CMake config files
[3.080s] Level 1:colcon.colcon_core.shell:create_environment_hook('ylhb_base', 'cmake_prefix_path')
[3.082s] INFO:colcon.colcon_core.shell:Creating environment hook '/home/ljw/ROS2-smart-car/rdk_x5_ros2/install/ylhb_base/share/ylhb_base/hook/cmake_prefix_path.ps1'
[3.084s] INFO:colcon.colcon_core.shell:Creating environment descriptor '/home/ljw/ROS2-smart-car/rdk_x5_ros2/install/ylhb_base/share/ylhb_base/hook/cmake_prefix_path.dsv'
[3.086s] INFO:colcon.colcon_core.shell:Creating environment hook '/home/ljw/ROS2-smart-car/rdk_x5_ros2/install/ylhb_base/share/ylhb_base/hook/cmake_prefix_path.sh'
[3.089s] Level 1:colcon.colcon_core.environment:checking '/home/ljw/ROS2-smart-car/rdk_x5_ros2/install/ylhb_base/lib'
[3.089s] Level 1:colcon.colcon_core.environment:checking '/home/ljw/ROS2-smart-car/rdk_x5_ros2/install/ylhb_base/bin'
[3.090s] Level 1:colcon.colcon_core.environment:checking '/home/ljw/ROS2-smart-car/rdk_x5_ros2/install/ylhb_base/lib/pkgconfig/ylhb_base.pc'
[3.091s] Level 1:colcon.colcon_core.environment:checking '/home/ljw/ROS2-smart-car/rdk_x5_ros2/install/ylhb_base/lib/python3.10/site-packages'
[3.094s] Level 1:colcon.colcon_core.environment:checking '/home/ljw/ROS2-smart-car/rdk_x5_ros2/install/ylhb_base/bin'
[3.096s] INFO:colcon.colcon_core.shell:Creating package script '/home/ljw/ROS2-smart-car/rdk_x5_ros2/install/ylhb_base/share/ylhb_base/package.ps1'
[3.099s] INFO:colcon.colcon_core.shell:Creating package descriptor '/home/ljw/ROS2-smart-car/rdk_x5_ros2/install/ylhb_base/share/ylhb_base/package.dsv'
[3.102s] INFO:colcon.colcon_core.shell:Creating package script '/home/ljw/ROS2-smart-car/rdk_x5_ros2/install/ylhb_base/share/ylhb_base/package.sh'
[3.105s] INFO:colcon.colcon_core.shell:Creating package script '/home/ljw/ROS2-smart-car/rdk_x5_ros2/install/ylhb_base/share/ylhb_base/package.bash'
[3.107s] INFO:colcon.colcon_core.shell:Creating package script '/home/ljw/ROS2-smart-car/rdk_x5_ros2/install/ylhb_base/share/ylhb_base/package.zsh'
[3.110s] Level 1:colcon.colcon_core.environment:create_file_with_runtime_dependencies(/home/ljw/ROS2-smart-car/rdk_x5_ros2/install/ylhb_base/share/colcon-core/packages/ylhb_base)
[3.111s] DEBUG:colcon.colcon_parallel_executor.executor.parallel:closing loop
[3.113s] DEBUG:colcon.colcon_parallel_executor.executor.parallel:loop closed
[3.113s] DEBUG:colcon.colcon_parallel_executor.executor.parallel:run_until_complete finished with '0'
[3.113s] DEBUG:colcon.colcon_core.event_reactor:joining thread
[3.139s] INFO:colcon.colcon_core.plugin_system:Skipping extension 'colcon_notification.desktop_notification.notify_send': Could not find 'notify-send'
[3.140s] INFO:colcon.colcon_core.plugin_system:Skipping extension 'colcon_notification.desktop_notification.terminal_notifier': Not used on non-Darwin systems
[3.140s] INFO:colcon.colcon_core.plugin_system:Skipping extension 'colcon_notification.desktop_notification.win32': Not used on non-Windows systems
[3.141s] INFO:colcon.colcon_notification.desktop_notification:Sending desktop notification using 'notify2'
[28.167s] DEBUG:colcon.colcon_notification.desktop_notification.notify2:Failed to initialize notify2: org.freedesktop.DBus.Error.NoReply: Did not receive a reply. Possible causes include: the remote application did not send a reply, the message bus security policy blocked the reply, the reply timeout expired, or the network connection was broken.
[28.168s] DEBUG:colcon.colcon_core.event_reactor:joined thread
[28.169s] INFO:colcon.colcon_core.shell:Creating prefix script '/home/ljw/ROS2-smart-car/rdk_x5_ros2/install/local_setup.ps1'
[28.175s] INFO:colcon.colcon_core.shell:Creating prefix util module '/home/ljw/ROS2-smart-car/rdk_x5_ros2/install/_local_setup_util_ps1.py'
[28.185s] INFO:colcon.colcon_core.shell:Creating prefix chain script '/home/ljw/ROS2-smart-car/rdk_x5_ros2/install/setup.ps1'
[28.191s] INFO:colcon.colcon_core.shell:Creating prefix script '/home/ljw/ROS2-smart-car/rdk_x5_ros2/install/local_setup.sh'
[28.195s] INFO:colcon.colcon_core.shell:Creating prefix util module '/home/ljw/ROS2-smart-car/rdk_x5_ros2/install/_local_setup_util_sh.py'
[28.199s] INFO:colcon.colcon_core.shell:Creating prefix chain script '/home/ljw/ROS2-smart-car/rdk_x5_ros2/install/setup.sh'
[28.205s] INFO:colcon.colcon_core.shell:Creating prefix script '/home/ljw/ROS2-smart-car/rdk_x5_ros2/install/local_setup.bash'
[28.209s] INFO:colcon.colcon_core.shell:Creating prefix chain script '/home/ljw/ROS2-smart-car/rdk_x5_ros2/install/setup.bash'
[28.215s] INFO:colcon.colcon_core.shell:Creating prefix script '/home/ljw/ROS2-smart-car/rdk_x5_ros2/install/local_setup.zsh'
[28.219s] INFO:colcon.colcon_core.shell:Creating prefix chain script '/home/ljw/ROS2-smart-car/rdk_x5_ros2/install/setup.zsh'
