[0.607s] DEBUG:colcon:Command line arguments: ['/usr/bin/colcon', 'build']
[0.608s] DEBUG:colcon:Parsed command line arguments: Namespace(log_base=None, log_level=None, verb_name='build', build_base='build', install_base='install', merge_install=False, symlink_install=False, test_result_base=None, continue_on_error=False, executor='parallel', parallel_workers=8, event_handlers=None, ignore_user_meta=False, metas=['./colcon.meta'], base_paths=['.'], packages_ignore=None, packages_ignore_regex=None, paths=None, packages_up_to=None, packages_up_to_regex=None, packages_above=None, packages_above_and_dependencies=None, packages_above_depth=None, packages_select_by_dep=None, packages_skip_by_dep=None, packages_skip_up_to=None, packages_select_build_failed=False, packages_skip_build_finished=False, packages_select_test_failures=False, packages_skip_test_passed=False, packages_select=None, packages_skip=None, packages_select_regex=None, packages_skip_regex=None, packages_start=None, packages_end=None, allow_overriding=[], cmake_args=None, cmake_target=None, cmake_target_skip_unavailable=False, cmake_clean_cache=False, cmake_clean_first=False, cmake_force_configure=False, ament_cmake_args=None, catkin_cmake_args=None, catkin_skip_building_tests=False, verb_parser=<colcon_defaults.argument_parser.defaults.DefaultArgumentsDecorator object at 0xffff8378b250>, verb_extension=<colcon_core.verb.build.BuildVerb object at 0xffff8378ad40>, main=<bound method BuildVerb.main of <colcon_core.verb.build.BuildVerb object at 0xffff8378ad40>>)
[1.762s] Level 1:colcon.colcon_core.package_discovery:discover_packages(colcon_meta) check parameters
[1.763s] Level 1:colcon.colcon_core.package_discovery:discover_packages(recursive) check parameters
[1.763s] Level 1:colcon.colcon_core.package_discovery:discover_packages(ignore) check parameters
[1.764s] Level 1:colcon.colcon_core.package_discovery:discover_packages(path) check parameters
[1.764s] Level 1:colcon.colcon_core.package_discovery:discover_packages(colcon_meta) discover
[1.764s] Level 1:colcon.colcon_core.package_discovery:discover_packages(recursive) discover
[1.765s] INFO:colcon.colcon_core.package_discovery:Crawling recursively for packages in '/home/ljw/ROS2-smart-car/rdk_x5_ros2'
[1.765s] Level 1:colcon.colcon_core.package_identification:_identify(.) by extensions ['ignore', 'ignore_ament_install']
[1.766s] Level 1:colcon.colcon_core.package_identification:_identify(.) by extension 'ignore'
[1.766s] Level 1:colcon.colcon_core.package_identification:_identify(.) by extension 'ignore_ament_install'
[1.767s] Level 1:colcon.colcon_core.package_identification:_identify(.) by extensions ['colcon_pkg']
[1.767s] Level 1:colcon.colcon_core.package_identification:_identify(.) by extension 'colcon_pkg'
[1.767s] Level 1:colcon.colcon_core.package_identification:_identify(.) by extensions ['colcon_meta']
[1.767s] Level 1:colcon.colcon_core.package_identification:_identify(.) by extension 'colcon_meta'
[1.768s] Level 1:colcon.colcon_core.package_identification:_identify(.) by extensions ['ros']
[1.768s] Level 1:colcon.colcon_core.package_identification:_identify(.) by extension 'ros'
[1.846s] Level 1:colcon.colcon_core.package_identification:_identify(.) by extensions ['cmake', 'python']
[1.846s] Level 1:colcon.colcon_core.package_identification:_identify(.) by extension 'cmake'
[1.847s] Level 1:colcon.colcon_core.package_identification:_identify(.) by extension 'python'
[1.847s] Level 1:colcon.colcon_core.package_identification:_identify(.) by extensions ['python_setup_py']
[1.847s] Level 1:colcon.colcon_core.package_identification:_identify(.) by extension 'python_setup_py'
[1.848s] Level 1:colcon.colcon_core.package_identification:_identify(build) by extensions ['ignore', 'ignore_ament_install']
[1.848s] Level 1:colcon.colcon_core.package_identification:_identify(build) by extension 'ignore'
[1.849s] Level 1:colcon.colcon_core.package_identification:_identify(build) ignored
[1.849s] Level 1:colcon.colcon_core.package_identification:_identify(install) by extensions ['ignore', 'ignore_ament_install']
[1.850s] Level 1:colcon.colcon_core.package_identification:_identify(install) by extension 'ignore'
[1.850s] Level 1:colcon.colcon_core.package_identification:_identify(install) ignored
[1.851s] Level 1:colcon.colcon_core.package_identification:_identify(log) by extensions ['ignore', 'ignore_ament_install']
[1.851s] Level 1:colcon.colcon_core.package_identification:_identify(log) by extension 'ignore'
[1.851s] Level 1:colcon.colcon_core.package_identification:_identify(log) ignored
[1.852s] Level 1:colcon.colcon_core.package_identification:_identify(src) by extensions ['ignore', 'ignore_ament_install']
[1.852s] Level 1:colcon.colcon_core.package_identification:_identify(src) by extension 'ignore'
[1.853s] Level 1:colcon.colcon_core.package_identification:_identify(src) by extension 'ignore_ament_install'
[1.853s] Level 1:colcon.colcon_core.package_identification:_identify(src) by extensions ['colcon_pkg']
[1.853s] Level 1:colcon.colcon_core.package_identification:_identify(src) by extension 'colcon_pkg'
[1.854s] Level 1:colcon.colcon_core.package_identification:_identify(src) by extensions ['colcon_meta']
[1.854s] Level 1:colcon.colcon_core.package_identification:_identify(src) by extension 'colcon_meta'
[1.854s] Level 1:colcon.colcon_core.package_identification:_identify(src) by extensions ['ros']
[1.854s] Level 1:colcon.colcon_core.package_identification:_identify(src) by extension 'ros'
[1.855s] Level 1:colcon.colcon_core.package_identification:_identify(src) by extensions ['cmake', 'python']
[1.855s] Level 1:colcon.colcon_core.package_identification:_identify(src) by extension 'cmake'
[1.855s] Level 1:colcon.colcon_core.package_identification:_identify(src) by extension 'python'
[1.855s] Level 1:colcon.colcon_core.package_identification:_identify(src) by extensions ['python_setup_py']
[1.856s] Level 1:colcon.colcon_core.package_identification:_identify(src) by extension 'python_setup_py'
[1.856s] Level 1:colcon.colcon_core.package_identification:_identify(src/rplidar_ros-ros2) by extensions ['ignore', 'ignore_ament_install']
[1.857s] Level 1:colcon.colcon_core.package_identification:_identify(src/rplidar_ros-ros2) by extension 'ignore'
[1.857s] Level 1:colcon.colcon_core.package_identification:_identify(src/rplidar_ros-ros2) by extension 'ignore_ament_install'
[1.858s] Level 1:colcon.colcon_core.package_identification:_identify(src/rplidar_ros-ros2) by extensions ['colcon_pkg']
[1.858s] Level 1:colcon.colcon_core.package_identification:_identify(src/rplidar_ros-ros2) by extension 'colcon_pkg'
[1.858s] Level 1:colcon.colcon_core.package_identification:_identify(src/rplidar_ros-ros2) by extensions ['colcon_meta']
[1.859s] Level 1:colcon.colcon_core.package_identification:_identify(src/rplidar_ros-ros2) by extension 'colcon_meta'
[1.859s] Level 1:colcon.colcon_core.package_identification:_identify(src/rplidar_ros-ros2) by extensions ['ros']
[1.859s] Level 1:colcon.colcon_core.package_identification:_identify(src/rplidar_ros-ros2) by extension 'ros'
[1.874s] DEBUG:colcon.colcon_core.package_identification:Package 'src/rplidar_ros-ros2' with type 'ros.ament_cmake' and name 'rplidar_ros'
[1.874s] Level 1:colcon.colcon_core.package_identification:_identify(src/ylhb_base) by extensions ['ignore', 'ignore_ament_install']
[1.875s] Level 1:colcon.colcon_core.package_identification:_identify(src/ylhb_base) by extension 'ignore'
[1.875s] Level 1:colcon.colcon_core.package_identification:_identify(src/ylhb_base) by extension 'ignore_ament_install'
[1.876s] Level 1:colcon.colcon_core.package_identification:_identify(src/ylhb_base) by extensions ['colcon_pkg']
[1.876s] Level 1:colcon.colcon_core.package_identification:_identify(src/ylhb_base) by extension 'colcon_pkg'
[1.876s] Level 1:colcon.colcon_core.package_identification:_identify(src/ylhb_base) by extensions ['colcon_meta']
[1.876s] Level 1:colcon.colcon_core.package_identification:_identify(src/ylhb_base) by extension 'colcon_meta'
[1.877s] Level 1:colcon.colcon_core.package_identification:_identify(src/ylhb_base) by extensions ['ros']
[1.877s] Level 1:colcon.colcon_core.package_identification:_identify(src/ylhb_base) by extension 'ros'
[1.885s] DEBUG:colcon.colcon_core.package_identification:Package 'src/ylhb_base' with type 'ros.ament_cmake' and name 'ylhb_base'
[1.886s] Level 1:colcon.colcon_core.package_discovery:discover_packages(recursive) using defaults
[1.886s] Level 1:colcon.colcon_core.package_discovery:discover_packages(ignore) discover
[1.886s] Level 1:colcon.colcon_core.package_discovery:discover_packages(ignore) using defaults
[1.886s] Level 1:colcon.colcon_core.package_discovery:discover_packages(path) discover
[1.886s] Level 1:colcon.colcon_core.package_discovery:discover_packages(path) using defaults
[2.077s] Level 1:colcon.colcon_core.package_discovery:discover_packages(prefix_path) check parameters
[2.078s] Level 1:colcon.colcon_core.package_discovery:discover_packages(prefix_path) discover
[2.087s] DEBUG:colcon.colcon_installed_package_information.package_discovery:Found 58 installed packages in /opt/tros/humble
[2.096s] DEBUG:colcon.colcon_installed_package_information.package_discovery:Found 246 installed packages in /opt/ros/humble
[2.107s] Level 1:colcon.colcon_core.package_discovery:discover_packages(prefix_path) using defaults
[2.373s] Level 5:colcon.colcon_core.verb:set package 'rplidar_ros' build argument 'cmake_args' from command line to 'None'
[2.373s] Level 5:colcon.colcon_core.verb:set package 'rplidar_ros' build argument 'cmake_target' from command line to 'None'
[2.374s] Level 5:colcon.colcon_core.verb:set package 'rplidar_ros' build argument 'cmake_target_skip_unavailable' from command line to 'False'
[2.374s] Level 5:colcon.colcon_core.verb:set package 'rplidar_ros' build argument 'cmake_clean_cache' from command line to 'False'
[2.374s] Level 5:colcon.colcon_core.verb:set package 'rplidar_ros' build argument 'cmake_clean_first' from command line to 'False'
[2.374s] Level 5:colcon.colcon_core.verb:set package 'rplidar_ros' build argument 'cmake_force_configure' from command line to 'False'
[2.375s] Level 5:colcon.colcon_core.verb:set package 'rplidar_ros' build argument 'ament_cmake_args' from command line to 'None'
[2.375s] Level 5:colcon.colcon_core.verb:set package 'rplidar_ros' build argument 'catkin_cmake_args' from command line to 'None'
[2.375s] Level 5:colcon.colcon_core.verb:set package 'rplidar_ros' build argument 'catkin_skip_building_tests' from command line to 'False'
[2.375s] DEBUG:colcon.colcon_core.verb:Building package 'rplidar_ros' with the following arguments: {'ament_cmake_args': None, 'build_base': '/home/ljw/ROS2-smart-car/rdk_x5_ros2/build/rplidar_ros', 'catkin_cmake_args': None, 'catkin_skip_building_tests': False, 'cmake_args': None, 'cmake_clean_cache': False, 'cmake_clean_first': False, 'cmake_force_configure': False, 'cmake_target': None, 'cmake_target_skip_unavailable': False, 'install_base': '/home/ljw/ROS2-smart-car/rdk_x5_ros2/install/rplidar_ros', 'merge_install': False, 'path': '/home/ljw/ROS2-smart-car/rdk_x5_ros2/src/rplidar_ros-ros2', 'symlink_install': False, 'test_result_base': None}
[2.378s] Level 5:colcon.colcon_core.verb:set package 'ylhb_base' build argument 'cmake_args' from command line to 'None'
[2.378s] Level 5:colcon.colcon_core.verb:set package 'ylhb_base' build argument 'cmake_target' from command line to 'None'
[2.378s] Level 5:colcon.colcon_core.verb:set package 'ylhb_base' build argument 'cmake_target_skip_unavailable' from command line to 'False'
[2.378s] Level 5:colcon.colcon_core.verb:set package 'ylhb_base' build argument 'cmake_clean_cache' from command line to 'False'
[2.379s] Level 5:colcon.colcon_core.verb:set package 'ylhb_base' build argument 'cmake_clean_first' from command line to 'False'
[2.379s] Level 5:colcon.colcon_core.verb:set package 'ylhb_base' build argument 'cmake_force_configure' from command line to 'False'
[2.379s] Level 5:colcon.colcon_core.verb:set package 'ylhb_base' build argument 'ament_cmake_args' from command line to 'None'
[2.379s] Level 5:colcon.colcon_core.verb:set package 'ylhb_base' build argument 'catkin_cmake_args' from command line to 'None'
[2.379s] Level 5:colcon.colcon_core.verb:set package 'ylhb_base' build argument 'catkin_skip_building_tests' from command line to 'False'
[2.380s] DEBUG:colcon.colcon_core.verb:Building package 'ylhb_base' with the following arguments: {'ament_cmake_args': None, 'build_base': '/home/ljw/ROS2-smart-car/rdk_x5_ros2/build/ylhb_base', 'catkin_cmake_args': None, 'catkin_skip_building_tests': False, 'cmake_args': None, 'cmake_clean_cache': False, 'cmake_clean_first': False, 'cmake_force_configure': False, 'cmake_target': None, 'cmake_target_skip_unavailable': False, 'install_base': '/home/ljw/ROS2-smart-car/rdk_x5_ros2/install/ylhb_base', 'merge_install': False, 'path': '/home/ljw/ROS2-smart-car/rdk_x5_ros2/src/ylhb_base', 'symlink_install': False, 'test_result_base': None}
[2.380s] INFO:colcon.colcon_core.executor:Executing jobs using 'parallel' executor
[2.385s] DEBUG:colcon.colcon_parallel_executor.executor.parallel:run_until_complete
[2.386s] INFO:colcon.colcon_ros.task.ament_cmake.build:Building ROS package in '/home/ljw/ROS2-smart-car/rdk_x5_ros2/src/rplidar_ros-ros2' with build type 'ament_cmake'
[2.387s] INFO:colcon.colcon_cmake.task.cmake.build:Building CMake package in '/home/ljw/ROS2-smart-car/rdk_x5_ros2/src/rplidar_ros-ros2'
[2.398s] INFO:colcon.colcon_core.plugin_system:Skipping extension 'colcon_core.shell.bat': Not used on non-Windows systems
[2.399s] INFO:colcon.colcon_core.shell:Skip shell extension 'powershell' for command environment: Not usable outside of PowerShell
[2.400s] DEBUG:colcon.colcon_core.shell:Skip shell extension 'dsv' for command environment
[2.430s] DEBUG:colcon.colcon_core.event_handler.log_command:Invoking command in '/home/ljw/ROS2-smart-car/rdk_x5_ros2/build/rplidar_ros': CMAKE_PREFIX_PATH=/opt/tros/humble:/opt/ros/humble /usr/bin/cmake /home/ljw/ROS2-smart-car/rdk_x5_ros2/src/rplidar_ros-ros2 -DCMAKE_INSTALL_PREFIX=/home/ljw/ROS2-smart-car/rdk_x5_ros2/install/rplidar_ros
[11.611s] DEBUG:colcon.colcon_core.event_handler.log_command:Invoked command in '/home/ljw/ROS2-smart-car/rdk_x5_ros2/build/rplidar_ros' returned '0': CMAKE_PREFIX_PATH=/opt/tros/humble:/opt/ros/humble /usr/bin/cmake /home/ljw/ROS2-smart-car/rdk_x5_ros2/src/rplidar_ros-ros2 -DCMAKE_INSTALL_PREFIX=/home/ljw/ROS2-smart-car/rdk_x5_ros2/install/rplidar_ros
[11.633s] DEBUG:colcon.colcon_core.event_handler.log_command:Invoking command in '/home/ljw/ROS2-smart-car/rdk_x5_ros2/build/rplidar_ros': CMAKE_PREFIX_PATH=/opt/tros/humble:/opt/ros/humble /usr/bin/cmake --build /home/ljw/ROS2-smart-car/rdk_x5_ros2/build/rplidar_ros -- -j8 -l8
[70.926s] DEBUG:colcon.colcon_core.event_handler.log_command:Invoked command in '/home/ljw/ROS2-smart-car/rdk_x5_ros2/build/rplidar_ros' returned '0': CMAKE_PREFIX_PATH=/opt/tros/humble:/opt/ros/humble /usr/bin/cmake --build /home/ljw/ROS2-smart-car/rdk_x5_ros2/build/rplidar_ros -- -j8 -l8
[70.988s] DEBUG:colcon.colcon_core.event_handler.log_command:Invoking command in '/home/ljw/ROS2-smart-car/rdk_x5_ros2/build/rplidar_ros': CMAKE_PREFIX_PATH=/opt/tros/humble:/opt/ros/humble /usr/bin/cmake --install /home/ljw/ROS2-smart-car/rdk_x5_ros2/build/rplidar_ros
[71.104s] Level 1:colcon.colcon_core.environment:create_environment_scripts_only(rplidar_ros)
[71.109s] DEBUG:colcon.colcon_core.event_handler.log_command:Invoked command in '/home/ljw/ROS2-smart-car/rdk_x5_ros2/build/rplidar_ros' returned '0': CMAKE_PREFIX_PATH=/opt/tros/humble:/opt/ros/humble /usr/bin/cmake --install /home/ljw/ROS2-smart-car/rdk_x5_ros2/build/rplidar_ros
[71.133s] Level 1:colcon.colcon_core.environment:checking '/home/ljw/ROS2-smart-car/rdk_x5_ros2/install/rplidar_ros' for CMake module files
[71.141s] Level 1:colcon.colcon_core.environment:checking '/home/ljw/ROS2-smart-car/rdk_x5_ros2/install/rplidar_ros' for CMake config files
[71.144s] Level 1:colcon.colcon_core.shell:create_environment_hook('rplidar_ros', 'cmake_prefix_path')
[71.146s] INFO:colcon.colcon_core.shell:Creating environment hook '/home/ljw/ROS2-smart-car/rdk_x5_ros2/install/rplidar_ros/share/rplidar_ros/hook/cmake_prefix_path.ps1'
[71.150s] INFO:colcon.colcon_core.shell:Creating environment descriptor '/home/ljw/ROS2-smart-car/rdk_x5_ros2/install/rplidar_ros/share/rplidar_ros/hook/cmake_prefix_path.dsv'
[71.152s] INFO:colcon.colcon_core.shell:Creating environment hook '/home/ljw/ROS2-smart-car/rdk_x5_ros2/install/rplidar_ros/share/rplidar_ros/hook/cmake_prefix_path.sh'
[71.157s] Level 1:colcon.colcon_core.environment:checking '/home/ljw/ROS2-smart-car/rdk_x5_ros2/install/rplidar_ros/lib'
[71.158s] Level 1:colcon.colcon_core.environment:checking '/home/ljw/ROS2-smart-car/rdk_x5_ros2/install/rplidar_ros/bin'
[71.159s] Level 1:colcon.colcon_core.environment:checking '/home/ljw/ROS2-smart-car/rdk_x5_ros2/install/rplidar_ros/lib/pkgconfig/rplidar_ros.pc'
[71.160s] Level 1:colcon.colcon_core.environment:checking '/home/ljw/ROS2-smart-car/rdk_x5_ros2/install/rplidar_ros/lib/python3.10/site-packages'
[71.164s] Level 1:colcon.colcon_core.environment:checking '/home/ljw/ROS2-smart-car/rdk_x5_ros2/install/rplidar_ros/bin'
[71.166s] INFO:colcon.colcon_core.shell:Creating package script '/home/ljw/ROS2-smart-car/rdk_x5_ros2/install/rplidar_ros/share/rplidar_ros/package.ps1'
[71.172s] INFO:colcon.colcon_core.shell:Creating package descriptor '/home/ljw/ROS2-smart-car/rdk_x5_ros2/install/rplidar_ros/share/rplidar_ros/package.dsv'
[71.176s] INFO:colcon.colcon_core.shell:Creating package script '/home/ljw/ROS2-smart-car/rdk_x5_ros2/install/rplidar_ros/share/rplidar_ros/package.sh'
[71.181s] INFO:colcon.colcon_core.shell:Creating package script '/home/ljw/ROS2-smart-car/rdk_x5_ros2/install/rplidar_ros/share/rplidar_ros/package.bash'
[71.187s] INFO:colcon.colcon_core.shell:Creating package script '/home/ljw/ROS2-smart-car/rdk_x5_ros2/install/rplidar_ros/share/rplidar_ros/package.zsh'
[71.191s] Level 1:colcon.colcon_core.environment:create_file_with_runtime_dependencies(/home/ljw/ROS2-smart-car/rdk_x5_ros2/install/rplidar_ros/share/colcon-core/packages/rplidar_ros)
[71.195s] Level 1:colcon.colcon_core.environment:create_environment_scripts_only(rplidar_ros)
[71.196s] Level 1:colcon.colcon_core.environment:checking '/home/ljw/ROS2-smart-car/rdk_x5_ros2/install/rplidar_ros' for CMake module files
[71.200s] Level 1:colcon.colcon_core.environment:checking '/home/ljw/ROS2-smart-car/rdk_x5_ros2/install/rplidar_ros' for CMake config files
[71.201s] Level 1:colcon.colcon_core.shell:create_environment_hook('rplidar_ros', 'cmake_prefix_path')
[71.203s] INFO:colcon.colcon_core.shell:Creating environment hook '/home/ljw/ROS2-smart-car/rdk_x5_ros2/install/rplidar_ros/share/rplidar_ros/hook/cmake_prefix_path.ps1'
[71.206s] INFO:colcon.colcon_core.shell:Creating environment descriptor '/home/ljw/ROS2-smart-car/rdk_x5_ros2/install/rplidar_ros/share/rplidar_ros/hook/cmake_prefix_path.dsv'
[71.208s] INFO:colcon.colcon_core.shell:Creating environment hook '/home/ljw/ROS2-smart-car/rdk_x5_ros2/install/rplidar_ros/share/rplidar_ros/hook/cmake_prefix_path.sh'
[71.211s] Level 1:colcon.colcon_core.environment:checking '/home/ljw/ROS2-smart-car/rdk_x5_ros2/install/rplidar_ros/lib'
[71.211s] Level 1:colcon.colcon_core.environment:checking '/home/ljw/ROS2-smart-car/rdk_x5_ros2/install/rplidar_ros/bin'
[71.212s] Level 1:colcon.colcon_core.environment:checking '/home/ljw/ROS2-smart-car/rdk_x5_ros2/install/rplidar_ros/lib/pkgconfig/rplidar_ros.pc'
[71.213s] Level 1:colcon.colcon_core.environment:checking '/home/ljw/ROS2-smart-car/rdk_x5_ros2/install/rplidar_ros/lib/python3.10/site-packages'
[71.216s] Level 1:colcon.colcon_core.environment:checking '/home/ljw/ROS2-smart-car/rdk_x5_ros2/install/rplidar_ros/bin'
[71.218s] INFO:colcon.colcon_core.shell:Creating package script '/home/ljw/ROS2-smart-car/rdk_x5_ros2/install/rplidar_ros/share/rplidar_ros/package.ps1'
[71.221s] INFO:colcon.colcon_core.shell:Creating package descriptor '/home/ljw/ROS2-smart-car/rdk_x5_ros2/install/rplidar_ros/share/rplidar_ros/package.dsv'
[71.223s] INFO:colcon.colcon_core.shell:Creating package script '/home/ljw/ROS2-smart-car/rdk_x5_ros2/install/rplidar_ros/share/rplidar_ros/package.sh'
[71.226s] INFO:colcon.colcon_core.shell:Creating package script '/home/ljw/ROS2-smart-car/rdk_x5_ros2/install/rplidar_ros/share/rplidar_ros/package.bash'
[71.228s] INFO:colcon.colcon_core.shell:Creating package script '/home/ljw/ROS2-smart-car/rdk_x5_ros2/install/rplidar_ros/share/rplidar_ros/package.zsh'
[71.231s] Level 1:colcon.colcon_core.environment:create_file_with_runtime_dependencies(/home/ljw/ROS2-smart-car/rdk_x5_ros2/install/rplidar_ros/share/colcon-core/packages/rplidar_ros)
[71.233s] INFO:colcon.colcon_ros.task.ament_cmake.build:Building ROS package in '/home/ljw/ROS2-smart-car/rdk_x5_ros2/src/ylhb_base' with build type 'ament_cmake'
[71.233s] INFO:colcon.colcon_cmake.task.cmake.build:Building CMake package in '/home/ljw/ROS2-smart-car/rdk_x5_ros2/src/ylhb_base'
[71.235s] INFO:colcon.colcon_core.shell:Skip shell extension 'powershell' for command environment: Not usable outside of PowerShell
[71.236s] DEBUG:colcon.colcon_core.shell:Skip shell extension 'dsv' for command environment
[71.350s] DEBUG:colcon.colcon_core.event_handler.log_command:Invoking command in '/home/ljw/ROS2-smart-car/rdk_x5_ros2/build/ylhb_base': AMENT_PREFIX_PATH=/home/ljw/ROS2-smart-car/rdk_x5_ros2/install/rplidar_ros:${AMENT_PREFIX_PATH} CMAKE_PREFIX_PATH=/home/ljw/ROS2-smart-car/rdk_x5_ros2/install/rplidar_ros:/opt/tros/humble:/opt/ros/humble /usr/bin/cmake /home/ljw/ROS2-smart-car/rdk_x5_ros2/src/ylhb_base -DCMAKE_INSTALL_PREFIX=/home/ljw/ROS2-smart-car/rdk_x5_ros2/install/ylhb_base
[81.322s] DEBUG:colcon.colcon_core.event_handler.log_command:Invoked command in '/home/ljw/ROS2-smart-car/rdk_x5_ros2/build/ylhb_base' returned '0': AMENT_PREFIX_PATH=/home/ljw/ROS2-smart-car/rdk_x5_ros2/install/rplidar_ros:${AMENT_PREFIX_PATH} CMAKE_PREFIX_PATH=/home/ljw/ROS2-smart-car/rdk_x5_ros2/install/rplidar_ros:/opt/tros/humble:/opt/ros/humble /usr/bin/cmake /home/ljw/ROS2-smart-car/rdk_x5_ros2/src/ylhb_base -DCMAKE_INSTALL_PREFIX=/home/ljw/ROS2-smart-car/rdk_x5_ros2/install/ylhb_base
[81.338s] DEBUG:colcon.colcon_core.event_handler.log_command:Invoking command in '/home/ljw/ROS2-smart-car/rdk_x5_ros2/build/ylhb_base': AMENT_PREFIX_PATH=/home/ljw/ROS2-smart-car/rdk_x5_ros2/install/rplidar_ros:${AMENT_PREFIX_PATH} CMAKE_PREFIX_PATH=/home/ljw/ROS2-smart-car/rdk_x5_ros2/install/rplidar_ros:/opt/tros/humble:/opt/ros/humble /usr/bin/cmake --build /home/ljw/ROS2-smart-car/rdk_x5_ros2/build/ylhb_base -- -j8 -l8
[141.850s] DEBUG:colcon.colcon_core.event_handler.log_command:Invoked command in '/home/ljw/ROS2-smart-car/rdk_x5_ros2/build/ylhb_base' returned '0': AMENT_PREFIX_PATH=/home/ljw/ROS2-smart-car/rdk_x5_ros2/install/rplidar_ros:${AMENT_PREFIX_PATH} CMAKE_PREFIX_PATH=/home/ljw/ROS2-smart-car/rdk_x5_ros2/install/rplidar_ros:/opt/tros/humble:/opt/ros/humble /usr/bin/cmake --build /home/ljw/ROS2-smart-car/rdk_x5_ros2/build/ylhb_base -- -j8 -l8
[141.857s] DEBUG:colcon.colcon_core.event_handler.log_command:Invoking command in '/home/ljw/ROS2-smart-car/rdk_x5_ros2/build/ylhb_base': AMENT_PREFIX_PATH=/home/ljw/ROS2-smart-car/rdk_x5_ros2/install/rplidar_ros:${AMENT_PREFIX_PATH} CMAKE_PREFIX_PATH=/home/ljw/ROS2-smart-car/rdk_x5_ros2/install/rplidar_ros:/opt/tros/humble:/opt/ros/humble /usr/bin/cmake --install /home/ljw/ROS2-smart-car/rdk_x5_ros2/build/ylhb_base
[141.947s] Level 1:colcon.colcon_core.environment:create_environment_scripts_only(ylhb_base)
[141.950s] Level 1:colcon.colcon_core.environment:checking '/home/ljw/ROS2-smart-car/rdk_x5_ros2/install/ylhb_base' for CMake module files
[141.952s] DEBUG:colcon.colcon_core.event_handler.log_command:Invoked command in '/home/ljw/ROS2-smart-car/rdk_x5_ros2/build/ylhb_base' returned '0': AMENT_PREFIX_PATH=/home/ljw/ROS2-smart-car/rdk_x5_ros2/install/rplidar_ros:${AMENT_PREFIX_PATH} CMAKE_PREFIX_PATH=/home/ljw/ROS2-smart-car/rdk_x5_ros2/install/rplidar_ros:/opt/tros/humble:/opt/ros/humble /usr/bin/cmake --install /home/ljw/ROS2-smart-car/rdk_x5_ros2/build/ylhb_base
[141.954s] Level 1:colcon.colcon_core.environment:checking '/home/ljw/ROS2-smart-car/rdk_x5_ros2/install/ylhb_base' for CMake config files
[141.956s] Level 1:colcon.colcon_core.shell:create_environment_hook('ylhb_base', 'cmake_prefix_path')
[141.957s] INFO:colcon.colcon_core.shell:Creating environment hook '/home/ljw/ROS2-smart-car/rdk_x5_ros2/install/ylhb_base/share/ylhb_base/hook/cmake_prefix_path.ps1'
[141.960s] INFO:colcon.colcon_core.shell:Creating environment descriptor '/home/ljw/ROS2-smart-car/rdk_x5_ros2/install/ylhb_base/share/ylhb_base/hook/cmake_prefix_path.dsv'
[141.963s] INFO:colcon.colcon_core.shell:Creating environment hook '/home/ljw/ROS2-smart-car/rdk_x5_ros2/install/ylhb_base/share/ylhb_base/hook/cmake_prefix_path.sh'
[141.966s] Level 1:colcon.colcon_core.environment:checking '/home/ljw/ROS2-smart-car/rdk_x5_ros2/install/ylhb_base/lib'
[141.966s] Level 1:colcon.colcon_core.environment:checking '/home/ljw/ROS2-smart-car/rdk_x5_ros2/install/ylhb_base/bin'
[141.967s] Level 1:colcon.colcon_core.environment:checking '/home/ljw/ROS2-smart-car/rdk_x5_ros2/install/ylhb_base/lib/pkgconfig/ylhb_base.pc'
[141.969s] Level 1:colcon.colcon_core.environment:checking '/home/ljw/ROS2-smart-car/rdk_x5_ros2/install/ylhb_base/lib/python3.10/site-packages'
[141.971s] Level 1:colcon.colcon_core.environment:checking '/home/ljw/ROS2-smart-car/rdk_x5_ros2/install/ylhb_base/bin'
[141.973s] INFO:colcon.colcon_core.shell:Creating package script '/home/ljw/ROS2-smart-car/rdk_x5_ros2/install/ylhb_base/share/ylhb_base/package.ps1'
[141.975s] INFO:colcon.colcon_core.shell:Creating package descriptor '/home/ljw/ROS2-smart-car/rdk_x5_ros2/install/ylhb_base/share/ylhb_base/package.dsv'
[141.978s] INFO:colcon.colcon_core.shell:Creating package script '/home/ljw/ROS2-smart-car/rdk_x5_ros2/install/ylhb_base/share/ylhb_base/package.sh'
[141.981s] INFO:colcon.colcon_core.shell:Creating package script '/home/ljw/ROS2-smart-car/rdk_x5_ros2/install/ylhb_base/share/ylhb_base/package.bash'
[141.984s] INFO:colcon.colcon_core.shell:Creating package script '/home/ljw/ROS2-smart-car/rdk_x5_ros2/install/ylhb_base/share/ylhb_base/package.zsh'
[141.986s] Level 1:colcon.colcon_core.environment:create_file_with_runtime_dependencies(/home/ljw/ROS2-smart-car/rdk_x5_ros2/install/ylhb_base/share/colcon-core/packages/ylhb_base)
[141.990s] Level 1:colcon.colcon_core.environment:create_environment_scripts_only(ylhb_base)
[141.992s] Level 1:colcon.colcon_core.environment:checking '/home/ljw/ROS2-smart-car/rdk_x5_ros2/install/ylhb_base' for CMake module files
[141.995s] Level 1:colcon.colcon_core.environment:checking '/home/ljw/ROS2-smart-car/rdk_x5_ros2/install/ylhb_base' for CMake config files
[141.997s] Level 1:colcon.colcon_core.shell:create_environment_hook('ylhb_base', 'cmake_prefix_path')
[141.998s] INFO:colcon.colcon_core.shell:Creating environment hook '/home/ljw/ROS2-smart-car/rdk_x5_ros2/install/ylhb_base/share/ylhb_base/hook/cmake_prefix_path.ps1'
[142.001s] INFO:colcon.colcon_core.shell:Creating environment descriptor '/home/ljw/ROS2-smart-car/rdk_x5_ros2/install/ylhb_base/share/ylhb_base/hook/cmake_prefix_path.dsv'
[142.003s] INFO:colcon.colcon_core.shell:Creating environment hook '/home/ljw/ROS2-smart-car/rdk_x5_ros2/install/ylhb_base/share/ylhb_base/hook/cmake_prefix_path.sh'
[142.007s] Level 1:colcon.colcon_core.environment:checking '/home/ljw/ROS2-smart-car/rdk_x5_ros2/install/ylhb_base/lib'
[142.007s] Level 1:colcon.colcon_core.environment:checking '/home/ljw/ROS2-smart-car/rdk_x5_ros2/install/ylhb_base/bin'
[142.008s] Level 1:colcon.colcon_core.environment:checking '/home/ljw/ROS2-smart-car/rdk_x5_ros2/install/ylhb_base/lib/pkgconfig/ylhb_base.pc'
[142.009s] Level 1:colcon.colcon_core.environment:checking '/home/ljw/ROS2-smart-car/rdk_x5_ros2/install/ylhb_base/lib/python3.10/site-packages'
[142.012s] Level 1:colcon.colcon_core.environment:checking '/home/ljw/ROS2-smart-car/rdk_x5_ros2/install/ylhb_base/bin'
[142.014s] INFO:colcon.colcon_core.shell:Creating package script '/home/ljw/ROS2-smart-car/rdk_x5_ros2/install/ylhb_base/share/ylhb_base/package.ps1'
[142.018s] INFO:colcon.colcon_core.shell:Creating package descriptor '/home/ljw/ROS2-smart-car/rdk_x5_ros2/install/ylhb_base/share/ylhb_base/package.dsv'
[142.021s] INFO:colcon.colcon_core.shell:Creating package script '/home/ljw/ROS2-smart-car/rdk_x5_ros2/install/ylhb_base/share/ylhb_base/package.sh'
[142.024s] INFO:colcon.colcon_core.shell:Creating package script '/home/ljw/ROS2-smart-car/rdk_x5_ros2/install/ylhb_base/share/ylhb_base/package.bash'
[142.027s] INFO:colcon.colcon_core.shell:Creating package script '/home/ljw/ROS2-smart-car/rdk_x5_ros2/install/ylhb_base/share/ylhb_base/package.zsh'
[142.030s] Level 1:colcon.colcon_core.environment:create_file_with_runtime_dependencies(/home/ljw/ROS2-smart-car/rdk_x5_ros2/install/ylhb_base/share/colcon-core/packages/ylhb_base)
[142.031s] DEBUG:colcon.colcon_parallel_executor.executor.parallel:closing loop
[142.033s] DEBUG:colcon.colcon_parallel_executor.executor.parallel:loop closed
[142.034s] DEBUG:colcon.colcon_parallel_executor.executor.parallel:run_until_complete finished with '0'
[142.034s] DEBUG:colcon.colcon_core.event_reactor:joining thread
[142.061s] INFO:colcon.colcon_core.plugin_system:Skipping extension 'colcon_notification.desktop_notification.notify_send': Could not find 'notify-send'
[142.062s] INFO:colcon.colcon_core.plugin_system:Skipping extension 'colcon_notification.desktop_notification.terminal_notifier': Not used on non-Darwin systems
[142.062s] INFO:colcon.colcon_core.plugin_system:Skipping extension 'colcon_notification.desktop_notification.win32': Not used on non-Windows systems
[142.062s] INFO:colcon.colcon_notification.desktop_notification:Sending desktop notification using 'notify2'
[167.090s] DEBUG:colcon.colcon_notification.desktop_notification.notify2:Failed to initialize notify2: org.freedesktop.DBus.Error.NoReply: Did not receive a reply. Possible causes include: the remote application did not send a reply, the message bus security policy blocked the reply, the reply timeout expired, or the network connection was broken.
[167.091s] DEBUG:colcon.colcon_core.event_reactor:joined thread
[167.092s] INFO:colcon.colcon_core.shell:Creating prefix script '/home/ljw/ROS2-smart-car/rdk_x5_ros2/install/local_setup.ps1'
[167.100s] INFO:colcon.colcon_core.shell:Creating prefix util module '/home/ljw/ROS2-smart-car/rdk_x5_ros2/install/_local_setup_util_ps1.py'
[167.111s] INFO:colcon.colcon_core.shell:Creating prefix chain script '/home/ljw/ROS2-smart-car/rdk_x5_ros2/install/setup.ps1'
[167.118s] INFO:colcon.colcon_core.shell:Creating prefix script '/home/ljw/ROS2-smart-car/rdk_x5_ros2/install/local_setup.sh'
[167.122s] INFO:colcon.colcon_core.shell:Creating prefix util module '/home/ljw/ROS2-smart-car/rdk_x5_ros2/install/_local_setup_util_sh.py'
[167.127s] INFO:colcon.colcon_core.shell:Creating prefix chain script '/home/ljw/ROS2-smart-car/rdk_x5_ros2/install/setup.sh'
[167.135s] INFO:colcon.colcon_core.shell:Creating prefix script '/home/ljw/ROS2-smart-car/rdk_x5_ros2/install/local_setup.bash'
[167.138s] INFO:colcon.colcon_core.shell:Creating prefix chain script '/home/ljw/ROS2-smart-car/rdk_x5_ros2/install/setup.bash'
[167.145s] INFO:colcon.colcon_core.shell:Creating prefix script '/home/ljw/ROS2-smart-car/rdk_x5_ros2/install/local_setup.zsh'
[167.149s] INFO:colcon.colcon_core.shell:Creating prefix chain script '/home/ljw/ROS2-smart-car/rdk_x5_ros2/install/setup.zsh'
